<?xml version="1.0" encoding="UTF-8"?>
<coverage generated="1778692166103" clover="3.2.0">
  <project timestamp="1778692166103" name="All files">
    <metrics statements="405" coveredstatements="287" conditionals="139" coveredconditionals="77" methods="146" coveredmethods="92" elements="690" coveredelements="456" complexity="0" loc="405" ncloc="405" packages="2" files="6" classes="6"/>
    <package name="lib">
      <metrics statements="242" coveredstatements="167" conditionals="76" coveredconditionals="40" methods="112" coveredmethods="73"/>
      <file name="db.ts" path="C:\Repo\Tele\lib\db.ts">
        <metrics statements="221" coveredstatements="147" conditionals="62" coveredconditionals="28" methods="105" coveredmethods="66"/>
        <line num="4" count="6" type="stmt"/>
        <line num="24" count="6" type="stmt"/>
        <line num="25" count="279" type="cond" truecount="1" falsecount="1"/>
        <line num="26" count="279" type="stmt"/>
        <line num="27" count="279" type="cond" truecount="2" falsecount="0"/>
        <line num="28" count="124" type="stmt"/>
        <line num="29" count="124" type="stmt"/>
        <line num="31" count="0" type="stmt"/>
        <line num="35" count="6" type="stmt"/>
        <line num="36" count="151" type="cond" truecount="1" falsecount="1"/>
        <line num="37" count="151" type="stmt"/>
        <line num="41" count="6" type="stmt"/>
        <line num="42" count="66" type="stmt"/>
        <line num="44" count="27" type="stmt"/>
        <line num="45" count="27" type="cond" truecount="2" falsecount="0"/>
        <line num="48" count="3" type="stmt"/>
        <line num="49" count="3" type="cond" truecount="2" falsecount="0"/>
        <line num="52" count="33" type="stmt"/>
        <line num="53" count="33" type="stmt"/>
        <line num="54" count="33" type="stmt"/>
        <line num="55" count="33" type="stmt"/>
        <line num="58" count="1" type="stmt"/>
        <line num="59" count="1" type="stmt"/>
        <line num="60" count="1" type="cond" truecount="1" falsecount="1"/>
        <line num="61" count="1" type="stmt"/>
        <line num="62" count="1" type="stmt"/>
        <line num="63" count="1" type="stmt"/>
        <line num="68" count="6" type="stmt"/>
        <line num="69" count="37" type="stmt"/>
        <line num="71" count="17" type="stmt"/>
        <line num="72" count="17" type="cond" truecount="2" falsecount="0"/>
        <line num="75" count="0" type="stmt"/>
        <line num="78" count="20" type="stmt"/>
        <line num="79" count="20" type="stmt"/>
        <line num="80" count="20" type="stmt"/>
        <line num="81" count="20" type="stmt"/>
        <line num="84" count="0" type="stmt"/>
        <line num="85" count="0" type="stmt"/>
        <line num="86" count="0" type="cond" truecount="0" falsecount="2"/>
        <line num="87" count="0" type="stmt"/>
        <line num="88" count="0" type="stmt"/>
        <line num="89" count="0" type="stmt"/>
        <line num="92" count="0" type="stmt"/>
        <line num="93" count="0" type="stmt"/>
        <line num="94" count="0" type="cond" truecount="0" falsecount="2"/>
        <line num="95" count="0" type="stmt"/>
        <line num="96" count="0" type="stmt"/>
        <line num="101" count="6" type="stmt"/>
        <line num="102" count="73" type="stmt"/>
        <line num="104" count="26" type="stmt"/>
        <line num="105" count="27" type="cond" truecount="1" falsecount="1"/>
        <line num="108" count="8" type="stmt"/>
        <line num="111" count="2" type="stmt"/>
        <line num="114" count="38" type="stmt"/>
        <line num="115" count="38" type="stmt"/>
        <line num="116" count="38" type="stmt"/>
        <line num="117" count="38" type="stmt"/>
        <line num="120" count="5" type="stmt"/>
        <line num="121" count="5" type="stmt"/>
        <line num="122" count="5" type="cond" truecount="2" falsecount="0"/>
        <line num="123" count="4" type="stmt"/>
        <line num="124" count="4" type="stmt"/>
        <line num="125" count="4" type="stmt"/>
        <line num="130" count="6" type="stmt"/>
        <line num="131" count="3" type="stmt"/>
        <line num="133" count="0" type="stmt"/>
        <line num="134" count="0" type="cond" truecount="0" falsecount="2"/>
        <line num="137" count="0" type="stmt"/>
        <line num="138" count="0" type="cond" truecount="0" falsecount="2"/>
        <line num="141" count="2" type="stmt"/>
        <line num="142" count="2" type="stmt"/>
        <line num="143" count="2" type="stmt"/>
        <line num="144" count="2" type="stmt"/>
        <line num="147" count="1" type="stmt"/>
        <line num="148" count="1" type="stmt"/>
        <line num="149" count="1" type="cond" truecount="1" falsecount="1"/>
        <line num="150" count="1" type="stmt"/>
        <line num="151" count="1" type="stmt"/>
        <line num="152" count="1" type="stmt"/>
        <line num="157" count="6" type="stmt"/>
        <line num="158" count="0" type="stmt"/>
        <line num="160" count="0" type="stmt"/>
        <line num="163" count="0" type="stmt"/>
        <line num="164" count="0" type="stmt"/>
        <line num="165" count="0" type="stmt"/>
        <line num="166" count="0" type="stmt"/>
        <line num="169" count="0" type="stmt"/>
        <line num="170" count="0" type="stmt"/>
        <line num="171" count="0" type="cond" truecount="0" falsecount="2"/>
        <line num="172" count="0" type="stmt"/>
        <line num="173" count="0" type="stmt"/>
        <line num="174" count="0" type="stmt"/>
        <line num="177" count="0" type="stmt"/>
        <line num="178" count="0" type="stmt"/>
        <line num="179" count="0" type="cond" truecount="0" falsecount="2"/>
        <line num="180" count="0" type="stmt"/>
        <line num="181" count="0" type="stmt"/>
        <line num="186" count="6" type="stmt"/>
        <line num="188" count="6" type="stmt"/>
        <line num="190" count="6" type="stmt"/>
        <line num="193" count="0" type="stmt"/>
        <line num="194" count="0" type="stmt"/>
        <line num="195" count="0" type="stmt"/>
        <line num="196" count="0" type="stmt"/>
        <line num="201" count="6" type="stmt"/>
        <line num="203" count="6" type="stmt"/>
        <line num="205" count="6" type="stmt"/>
        <line num="206" count="6" type="cond" truecount="2" falsecount="0"/>
        <line num="209" count="0" type="stmt"/>
        <line num="210" count="0" type="stmt"/>
        <line num="211" count="0" type="stmt"/>
        <line num="212" count="0" type="stmt"/>
        <line num="217" count="6" type="stmt"/>
        <line num="218" count="6" type="stmt"/>
        <line num="220" count="6" type="stmt"/>
        <line num="226" count="0" type="stmt"/>
        <line num="227" count="0" type="cond" truecount="0" falsecount="4"/>
        <line num="232" count="0" type="stmt"/>
        <line num="233" count="0" type="stmt"/>
        <line num="234" count="0" type="stmt"/>
        <line num="235" count="0" type="stmt"/>
        <line num="240" count="6" type="stmt"/>
        <line num="242" count="11" type="stmt"/>
        <line num="244" count="3" type="stmt"/>
        <line num="245" count="3" type="cond" truecount="1" falsecount="1"/>
        <line num="248" count="5" type="stmt"/>
        <line num="249" count="5" type="stmt"/>
        <line num="250" count="5" type="stmt"/>
        <line num="251" count="5" type="stmt"/>
        <line num="254" count="1" type="stmt"/>
        <line num="255" count="1" type="stmt"/>
        <line num="256" count="1" type="cond" truecount="1" falsecount="1"/>
        <line num="257" count="1" type="stmt"/>
        <line num="258" count="1" type="stmt"/>
        <line num="259" count="1" type="stmt"/>
        <line num="264" count="6" type="stmt"/>
        <line num="266" count="7" type="stmt"/>
        <line num="268" count="3" type="stmt"/>
        <line num="269" count="3" type="cond" truecount="2" falsecount="0"/>
        <line num="272" count="4" type="stmt"/>
        <line num="273" count="4" type="stmt"/>
        <line num="274" count="4" type="stmt"/>
        <line num="275" count="4" type="stmt"/>
        <line num="278" count="0" type="stmt"/>
        <line num="279" count="0" type="stmt"/>
        <line num="280" count="0" type="cond" truecount="0" falsecount="2"/>
        <line num="281" count="0" type="stmt"/>
        <line num="282" count="0" type="stmt"/>
        <line num="283" count="0" type="stmt"/>
        <line num="288" count="6" type="stmt"/>
        <line num="290" count="7" type="stmt"/>
        <line num="292" count="2" type="stmt"/>
        <line num="293" count="2" type="cond" truecount="1" falsecount="1"/>
        <line num="296" count="3" type="stmt"/>
        <line num="297" count="3" type="stmt"/>
        <line num="298" count="3" type="stmt"/>
        <line num="299" count="3" type="stmt"/>
        <line num="302" count="1" type="stmt"/>
        <line num="303" count="1" type="stmt"/>
        <line num="304" count="1" type="cond" truecount="1" falsecount="1"/>
        <line num="305" count="1" type="stmt"/>
        <line num="306" count="1" type="stmt"/>
        <line num="307" count="1" type="stmt"/>
        <line num="312" count="6" type="stmt"/>
        <line num="314" count="4" type="stmt"/>
        <line num="316" count="1" type="stmt"/>
        <line num="319" count="0" type="stmt"/>
        <line num="322" count="3" type="stmt"/>
        <line num="323" count="3" type="stmt"/>
        <line num="324" count="3" type="stmt"/>
        <line num="325" count="3" type="stmt"/>
        <line num="328" count="0" type="stmt"/>
        <line num="329" count="0" type="stmt"/>
        <line num="330" count="0" type="cond" truecount="0" falsecount="2"/>
        <line num="331" count="0" type="stmt"/>
        <line num="332" count="0" type="stmt"/>
        <line num="333" count="0" type="stmt"/>
        <line num="338" count="6" type="stmt"/>
        <line num="340" count="27" type="stmt"/>
        <line num="342" count="21" type="stmt"/>
        <line num="343" count="21" type="stmt"/>
        <line num="344" count="21" type="stmt"/>
        <line num="345" count="21" type="stmt"/>
        <line num="350" count="6" type="stmt"/>
        <line num="352" count="0" type="stmt"/>
        <line num="355" count="0" type="stmt"/>
        <line num="356" count="0" type="stmt"/>
        <line num="357" count="0" type="stmt"/>
        <line num="358" count="0" type="stmt"/>
        <line num="362" count="6" type="stmt"/>
        <line num="391" count="6" type="stmt"/>
        <line num="393" count="13" type="stmt"/>
        <line num="395" count="5" type="stmt"/>
        <line num="396" count="5" type="cond" truecount="2" falsecount="0"/>
        <line num="399" count="7" type="stmt"/>
        <line num="400" count="7" type="stmt"/>
        <line num="401" count="7" type="stmt"/>
        <line num="402" count="7" type="stmt"/>
        <line num="405" count="0" type="stmt"/>
        <line num="406" count="0" type="stmt"/>
        <line num="407" count="0" type="cond" truecount="0" falsecount="2"/>
        <line num="408" count="0" type="stmt"/>
        <line num="409" count="0" type="stmt"/>
        <line num="410" count="0" type="stmt"/>
        <line num="415" count="6" type="stmt"/>
        <line num="417" count="13" type="stmt"/>
        <line num="419" count="6" type="stmt"/>
        <line num="420" count="6" type="cond" truecount="2" falsecount="0"/>
        <line num="423" count="4" type="stmt"/>
        <line num="424" count="4" type="stmt"/>
        <line num="425" count="4" type="stmt"/>
        <line num="426" count="4" type="stmt"/>
        <line num="429" count="3" type="stmt"/>
        <line num="430" count="3" type="stmt"/>
        <line num="431" count="3" type="cond" truecount="1" falsecount="1"/>
        <line num="432" count="3" type="stmt"/>
        <line num="433" count="3" type="stmt"/>
        <line num="434" count="3" type="stmt"/>
        <line num="439" count="6" type="stmt"/>
        <line num="440" count="0" type="cond" truecount="0" falsecount="2"/>
        <line num="441" count="0" type="stmt"/>
      </file>
      <file name="eligibility.ts" path="C:\Repo\Tele\lib\eligibility.ts">
        <metrics statements="21" coveredstatements="20" conditionals="14" coveredconditionals="12" methods="7" coveredmethods="7"/>
        <line num="13" count="2" type="stmt"/>
        <line num="17" count="10" type="stmt"/>
        <line num="18" count="20" type="stmt"/>
        <line num="19" count="14" type="cond" truecount="2" falsecount="0"/>
        <line num="21" count="11" type="stmt"/>
        <line num="22" count="11" type="stmt"/>
        <line num="24" count="11" type="cond" truecount="2" falsecount="0"/>
        <line num="25" count="5" type="stmt"/>
        <line num="33" count="5" type="stmt"/>
        <line num="37" count="5" type="stmt"/>
        <line num="38" count="5" type="cond" truecount="4" falsecount="0"/>
        <line num="39" count="4" type="stmt"/>
        <line num="41" count="1" type="cond" truecount="2" falsecount="2"/>
        <line num="42" count="1" type="stmt"/>
        <line num="44" count="0" type="stmt"/>
        <line num="50" count="2" type="stmt"/>
        <line num="54" count="5" type="stmt"/>
        <line num="55" count="4" type="stmt"/>
        <line num="56" count="12" type="cond" truecount="2" falsecount="0"/>
        <line num="57" count="3" type="stmt"/>
        <line num="59" count="4" type="stmt"/>
      </file>
    </package>
    <package name="services">
      <metrics statements="163" coveredstatements="120" conditionals="63" coveredconditionals="37" methods="34" coveredmethods="19"/>
      <file name="lifefile.ts" path="C:\Repo\Tele\services\lifefile.ts">
        <metrics statements="42" coveredstatements="34" conditionals="11" coveredconditionals="8" methods="7" coveredmethods="6"/>
        <line num="11" count="1" type="stmt"/>
        <line num="12" count="1" type="stmt"/>
        <line num="14" count="1" type="stmt"/>
        <line num="15" count="1" type="stmt"/>
        <line num="16" count="1" type="stmt"/>
        <line num="17" count="1" type="stmt"/>
        <line num="18" count="1" type="stmt"/>
        <line num="19" count="1" type="stmt"/>
        <line num="21" count="1" type="stmt"/>
        <line num="22" count="7" type="stmt"/>
        <line num="23" count="7" type="stmt"/>
        <line num="24" count="7" type="stmt"/>
        <line num="26" count="7" type="cond" truecount="5" falsecount="0"/>
        <line num="27" count="2" type="stmt"/>
        <line num="31" count="5" type="stmt"/>
        <line num="69" count="5" type="stmt"/>
        <line num="79" count="5" type="stmt"/>
        <line num="82" count="5" type="stmt"/>
        <line num="92" count="5" type="stmt"/>
        <line num="109" count="5" type="stmt"/>
        <line num="112" count="1" type="stmt"/>
        <line num="116" count="0" type="stmt"/>
        <line num="118" count="0" type="cond" truecount="0" falsecount="2"/>
        <line num="119" count="0" type="stmt"/>
        <line num="123" count="0" type="stmt"/>
        <line num="128" count="0" type="stmt"/>
        <line num="131" count="0" type="stmt"/>
        <line num="148" count="0" type="stmt"/>
        <line num="151" count="1" type="stmt"/>
        <line num="155" count="1" type="stmt"/>
        <line num="157" count="1" type="cond" truecount="1" falsecount="1"/>
        <line num="158" count="0" type="stmt"/>
        <line num="162" count="1" type="stmt"/>
        <line num="169" count="1" type="stmt"/>
        <line num="172" count="1" type="stmt"/>
        <line num="190" count="1" type="stmt"/>
        <line num="193" count="1" type="stmt"/>
        <line num="196" count="2" type="stmt"/>
        <line num="197" count="2" type="stmt"/>
        <line num="199" count="2" type="cond" truecount="2" falsecount="0"/>
        <line num="200" count="1" type="stmt"/>
        <line num="206" count="1" type="stmt"/>
      </file>
      <file name="practiceq.ts" path="C:\Repo\Tele\services\practiceq.ts">
        <metrics statements="29" coveredstatements="25" conditionals="16" coveredconditionals="11" methods="5" coveredmethods="3"/>
        <line num="10" count="1" type="stmt"/>
        <line num="11" count="1" type="stmt"/>
        <line num="13" count="1" type="stmt"/>
        <line num="14" count="1" type="stmt"/>
        <line num="16" count="1" type="stmt"/>
        <line num="18" count="6" type="stmt"/>
        <line num="19" count="6" type="stmt"/>
        <line num="20" count="6" type="stmt"/>
        <line num="21" count="6" type="stmt"/>
        <line num="22" count="6" type="stmt"/>
        <line num="24" count="6" type="cond" truecount="4" falsecount="0"/>
        <line num="25" count="2" type="stmt"/>
        <line num="29" count="4" type="stmt"/>
        <line num="43" count="4" type="cond" truecount="1" falsecount="1"/>
        <line num="49" count="4" type="stmt"/>
        <line num="52" count="4" type="stmt"/>
        <line num="70" count="4" type="stmt"/>
        <line num="73" count="1" type="stmt"/>
        <line num="76" count="2" type="stmt"/>
        <line num="78" count="2" type="cond" truecount="2" falsecount="0"/>
        <line num="79" count="1" type="stmt"/>
        <line num="89" count="1" type="cond" truecount="1" falsecount="1"/>
        <line num="91" count="1" type="stmt"/>
        <line num="92" count="0" type="stmt"/>
        <line num="96" count="1" type="stmt"/>
        <line num="102" count="1" type="stmt"/>
        <line num="103" count="0" type="stmt"/>
        <line num="104" count="0" type="cond" truecount="0" falsecount="2"/>
        <line num="105" count="0" type="stmt"/>
      </file>
      <file name="quickbooks.ts" path="C:\Repo\Tele\services\quickbooks.ts">
        <metrics statements="36" coveredstatements="27" conditionals="9" coveredconditionals="6" methods="10" coveredmethods="5"/>
        <line num="10" count="1" type="stmt"/>
        <line num="11" count="1" type="stmt"/>
        <line num="13" count="1" type="stmt"/>
        <line num="14" count="1" type="stmt"/>
        <line num="16" count="1" type="stmt"/>
        <line num="18" count="2" type="stmt"/>
        <line num="21" count="2" type="stmt"/>
        <line num="39" count="2" type="stmt"/>
        <line num="42" count="1" type="stmt"/>
        <line num="46" count="4" type="stmt"/>
        <line num="47" count="4" type="stmt"/>
        <line num="48" count="4" type="stmt"/>
        <line num="50" count="4" type="cond" truecount="5" falsecount="0"/>
        <line num="51" count="1" type="stmt"/>
        <line num="55" count="3" type="stmt"/>
        <line num="56" count="3" type="stmt"/>
        <line num="59" count="3" type="stmt"/>
        <line num="72" count="3" type="stmt"/>
        <line num="75" count="3" type="stmt"/>
        <line num="102" count="3" type="stmt"/>
        <line num="105" count="1" type="stmt"/>
        <line num="107" count="1" type="stmt"/>
        <line num="108" count="1" type="stmt"/>
        <line num="110" count="1" type="cond" truecount="1" falsecount="1"/>
        <line num="111" count="0" type="stmt"/>
        <line num="115" count="1" type="stmt"/>
        <line num="121" count="1" type="stmt"/>
        <line num="140" count="1" type="stmt"/>
        <line num="147" count="0" type="stmt"/>
        <line num="148" count="0" type="stmt"/>
        <line num="150" count="0" type="stmt"/>
        <line num="151" count="0" type="stmt"/>
        <line num="152" count="0" type="stmt"/>
        <line num="154" count="0" type="stmt"/>
        <line num="155" count="0" type="stmt"/>
        <line num="157" count="0" type="stmt"/>
      </file>
      <file name="spruce.ts" path="C:\Repo\Tele\services\spruce.ts">
        <metrics statements="56" coveredstatements="34" conditionals="27" coveredconditionals="12" methods="12" coveredmethods="5"/>
        <line num="10" count="1" type="stmt"/>
        <line num="11" count="1" type="stmt"/>
        <line num="13" count="1" type="stmt"/>
        <line num="14" count="1" type="stmt"/>
        <line num="16" count="1" type="stmt"/>
        <line num="21" count="4" type="stmt"/>
        <line num="22" count="4" type="stmt"/>
        <line num="24" count="4" type="cond" truecount="4" falsecount="0"/>
        <line num="25" count="2" type="stmt"/>
        <line num="29" count="2" type="stmt"/>
        <line num="30" count="2" type="stmt"/>
        <line num="31" count="2" type="stmt"/>
        <line num="35" count="2" type="stmt"/>
        <line num="47" count="2" type="stmt"/>
        <line num="50" count="2" type="stmt"/>
        <line num="69" count="2" type="stmt"/>
        <line num="72" count="1" type="stmt"/>
        <line num="78" count="1" type="stmt"/>
        <line num="79" count="1" type="stmt"/>
        <line num="81" count="1" type="cond" truecount="3" falsecount="1"/>
        <line num="82" count="0" type="stmt"/>
        <line num="86" count="1" type="stmt"/>
        <line num="87" count="1" type="stmt"/>
        <line num="88" count="1" type="stmt"/>
        <line num="92" count="1" type="stmt"/>
        <line num="104" count="1" type="stmt"/>
        <line num="107" count="1" type="stmt"/>
        <line num="126" count="1" type="stmt"/>
        <line num="129" count="1" type="stmt"/>
        <line num="134" count="0" type="stmt"/>
        <line num="136" count="0" type="stmt"/>
        <line num="137" count="0" type="stmt"/>
        <line num="138" count="0" type="cond" truecount="0" falsecount="2"/>
        <line num="139" count="0" type="stmt"/>
        <line num="140" count="0" type="stmt"/>
        <line num="144" count="0" type="stmt"/>
        <line num="146" count="0" type="stmt"/>
        <line num="151" count="0" type="stmt"/>
        <line num="154" count="1" type="stmt"/>
        <line num="155" count="0" type="stmt"/>
        <line num="156" count="0" type="cond" truecount="0" falsecount="2"/>
        <line num="159" count="1" type="stmt"/>
        <line num="162" count="0" type="stmt"/>
        <line num="165" count="1" type="stmt"/>
        <line num="169" count="0" type="stmt"/>
        <line num="170" count="0" type="cond" truecount="0" falsecount="2"/>
        <line num="171" count="0" type="stmt"/>
        <line num="174" count="0" type="stmt"/>
        <line num="178" count="0" type="stmt"/>
        <line num="186" count="1" type="stmt"/>
        <line num="187" count="1" type="stmt"/>
        <line num="190" count="1" type="stmt"/>
        <line num="194" count="0" type="stmt"/>
        <line num="196" count="0" type="cond" truecount="0" falsecount="2"/>
        <line num="198" count="0" type="stmt"/>
        <line num="212" count="0" type="stmt"/>
      </file>
    </package>
  </project>
</coverage>
