{"C:\\Repo\\Tele\\lib\\db.ts": {"path":"C:\\Repo\\Tele\\lib\\db.ts","statementMap":{"0":{"start":{"line":4,"column":13},"end":{"line":21,"column":2}},"1":{"start":{"line":24,"column":23},"end":{"line":33,"column":1}},"2":{"start":{"line":25,"column":2},"end":{"line":25,"column":57}},"3":{"start":{"line":25,"column":37},"end":{"line":25,"column":57}},"4":{"start":{"line":26,"column":15},"end":{"line":26,"column":40}},"5":{"start":{"line":27,"column":2},"end":{"line":27,"column":33}},"6":{"start":{"line":27,"column":13},"end":{"line":27,"column":33}},"7":{"start":{"line":28,"column":2},"end":{"line":32,"column":3}},"8":{"start":{"line":29,"column":4},"end":{"line":29,"column":28}},"9":{"start":{"line":31,"column":4},"end":{"line":31,"column":24}},"10":{"start":{"line":35,"column":21},"end":{"line":38,"column":1}},"11":{"start":{"line":36,"column":2},"end":{"line":36,"column":44}},"12":{"start":{"line":36,"column":37},"end":{"line":36,"column":44}},"13":{"start":{"line":37,"column":2},"end":{"line":37,"column":51}},"14":{"start":{"line":41,"column":13},"end":{"line":65,"column":2}},"15":{"start":{"line":42,"column":33},"end":{"line":42,"column":66}},"16":{"start":{"line":44,"column":21},"end":{"line":44,"column":39}},"17":{"start":{"line":45,"column":4},"end":{"line":45,"column":53}},"18":{"start":{"line":45,"column":32},"end":{"line":45,"column":43}},"19":{"start":{"line":48,"column":21},"end":{"line":48,"column":39}},"20":{"start":{"line":49,"column":4},"end":{"line":49,"column":87}},"21":{"start":{"line":49,"column":32},"end":{"line":49,"column":77}},"22":{"start":{"line":52,"column":21},"end":{"line":52,"column":39}},"23":{"start":{"line":53,"column":4},"end":{"line":53,"column":27}},"24":{"start":{"line":54,"column":4},"end":{"line":54,"column":42}},"25":{"start":{"line":55,"column":4},"end":{"line":55,"column":19}},"26":{"start":{"line":58,"column":21},"end":{"line":58,"column":39}},"27":{"start":{"line":59,"column":18},"end":{"line":59,"column":56}},"28":{"start":{"line":59,"column":44},"end":{"line":59,"column":55}},"29":{"start":{"line":60,"column":4},"end":{"line":60,"column":34}},"30":{"start":{"line":60,"column":22},"end":{"line":60,"column":34}},"31":{"start":{"line":61,"column":4},"end":{"line":61,"column":91}},"32":{"start":{"line":62,"column":4},"end":{"line":62,"column":42}},"33":{"start":{"line":63,"column":4},"end":{"line":63,"column":27}},"34":{"start":{"line":68,"column":13},"end":{"line":98,"column":2}},"35":{"start":{"line":69,"column":33},"end":{"line":69,"column":66}},"36":{"start":{"line":71,"column":21},"end":{"line":71,"column":39}},"37":{"start":{"line":72,"column":4},"end":{"line":72,"column":53}},"38":{"start":{"line":72,"column":32},"end":{"line":72,"column":43}},"39":{"start":{"line":75,"column":4},"end":{"line":75,"column":56}},"40":{"start":{"line":75,"column":44},"end":{"line":75,"column":54}},"41":{"start":{"line":78,"column":21},"end":{"line":78,"column":39}},"42":{"start":{"line":79,"column":4},"end":{"line":79,"column":27}},"43":{"start":{"line":80,"column":4},"end":{"line":80,"column":42}},"44":{"start":{"line":81,"column":4},"end":{"line":81,"column":19}},"45":{"start":{"line":84,"column":21},"end":{"line":84,"column":39}},"46":{"start":{"line":85,"column":18},"end":{"line":85,"column":56}},"47":{"start":{"line":85,"column":44},"end":{"line":85,"column":55}},"48":{"start":{"line":86,"column":4},"end":{"line":86,"column":34}},"49":{"start":{"line":86,"column":22},"end":{"line":86,"column":34}},"50":{"start":{"line":87,"column":4},"end":{"line":87,"column":54}},"51":{"start":{"line":88,"column":4},"end":{"line":88,"column":42}},"52":{"start":{"line":89,"column":4},"end":{"line":89,"column":27}},"53":{"start":{"line":92,"column":21},"end":{"line":92,"column":39}},"54":{"start":{"line":93,"column":21},"end":{"line":93,"column":56}},"55":{"start":{"line":93,"column":44},"end":{"line":93,"column":55}},"56":{"start":{"line":94,"column":4},"end":{"line":94,"column":58}},"57":{"start":{"line":94,"column":45},"end":{"line":94,"column":58}},"58":{"start":{"line":95,"column":4},"end":{"line":95,"column":42}},"59":{"start":{"line":96,"column":4},"end":{"line":96,"column":16}},"60":{"start":{"line":101,"column":13},"end":{"line":127,"column":2}},"61":{"start":{"line":102,"column":31},"end":{"line":102,"column":62}},"62":{"start":{"line":104,"column":19},"end":{"line":104,"column":35}},"63":{"start":{"line":105,"column":4},"end":{"line":105,"column":51}},"64":{"start":{"line":105,"column":30},"end":{"line":105,"column":41}},"65":{"start":{"line":108,"column":4},"end":{"line":108,"column":69}},"66":{"start":{"line":108,"column":42},"end":{"line":108,"column":67}},"67":{"start":{"line":111,"column":4},"end":{"line":111,"column":63}},"68":{"start":{"line":111,"column":42},"end":{"line":111,"column":61}},"69":{"start":{"line":114,"column":19},"end":{"line":114,"column":35}},"70":{"start":{"line":115,"column":4},"end":{"line":115,"column":23}},"71":{"start":{"line":116,"column":4},"end":{"line":116,"column":38}},"72":{"start":{"line":117,"column":4},"end":{"line":117,"column":17}},"73":{"start":{"line":120,"column":19},"end":{"line":120,"column":35}},"74":{"start":{"line":121,"column":18},"end":{"line":121,"column":54}},"75":{"start":{"line":121,"column":42},"end":{"line":121,"column":53}},"76":{"start":{"line":122,"column":4},"end":{"line":122,"column":34}},"77":{"start":{"line":122,"column":22},"end":{"line":122,"column":34}},"78":{"start":{"line":123,"column":4},"end":{"line":123,"column":87}},"79":{"start":{"line":124,"column":4},"end":{"line":124,"column":38}},"80":{"start":{"line":125,"column":4},"end":{"line":125,"column":25}},"81":{"start":{"line":130,"column":13},"end":{"line":154,"column":2}},"82":{"start":{"line":131,"column":33},"end":{"line":131,"column":66}},"83":{"start":{"line":133,"column":21},"end":{"line":133,"column":39}},"84":{"start":{"line":134,"column":4},"end":{"line":134,"column":53}},"85":{"start":{"line":134,"column":32},"end":{"line":134,"column":43}},"86":{"start":{"line":137,"column":21},"end":{"line":137,"column":39}},"87":{"start":{"line":138,"column":4},"end":{"line":138,"column":63}},"88":{"start":{"line":138,"column":32},"end":{"line":138,"column":53}},"89":{"start":{"line":141,"column":21},"end":{"line":141,"column":39}},"90":{"start":{"line":142,"column":4},"end":{"line":142,"column":27}},"91":{"start":{"line":143,"column":4},"end":{"line":143,"column":42}},"92":{"start":{"line":144,"column":4},"end":{"line":144,"column":19}},"93":{"start":{"line":147,"column":21},"end":{"line":147,"column":39}},"94":{"start":{"line":148,"column":18},"end":{"line":148,"column":56}},"95":{"start":{"line":148,"column":44},"end":{"line":148,"column":55}},"96":{"start":{"line":149,"column":4},"end":{"line":149,"column":34}},"97":{"start":{"line":149,"column":22},"end":{"line":149,"column":34}},"98":{"start":{"line":150,"column":4},"end":{"line":150,"column":54}},"99":{"start":{"line":151,"column":4},"end":{"line":151,"column":42}},"100":{"start":{"line":152,"column":4},"end":{"line":152,"column":27}},"101":{"start":{"line":157,"column":13},"end":{"line":183,"column":2}},"102":{"start":{"line":158,"column":34},"end":{"line":158,"column":68}},"103":{"start":{"line":160,"column":4},"end":{"line":160,"column":70}},"104":{"start":{"line":160,"column":45},"end":{"line":160,"column":68}},"105":{"start":{"line":163,"column":22},"end":{"line":163,"column":41}},"106":{"start":{"line":164,"column":4},"end":{"line":164,"column":29}},"107":{"start":{"line":165,"column":4},"end":{"line":165,"column":44}},"108":{"start":{"line":166,"column":4},"end":{"line":166,"column":20}},"109":{"start":{"line":169,"column":22},"end":{"line":169,"column":41}},"110":{"start":{"line":170,"column":18},"end":{"line":170,"column":57}},"111":{"start":{"line":170,"column":45},"end":{"line":170,"column":56}},"112":{"start":{"line":171,"column":4},"end":{"line":171,"column":34}},"113":{"start":{"line":171,"column":22},"end":{"line":171,"column":34}},"114":{"start":{"line":172,"column":4},"end":{"line":172,"column":56}},"115":{"start":{"line":173,"column":4},"end":{"line":173,"column":44}},"116":{"start":{"line":174,"column":4},"end":{"line":174,"column":28}},"117":{"start":{"line":177,"column":22},"end":{"line":177,"column":41}},"118":{"start":{"line":178,"column":21},"end":{"line":178,"column":57}},"119":{"start":{"line":178,"column":45},"end":{"line":178,"column":56}},"120":{"start":{"line":179,"column":4},"end":{"line":179,"column":59}},"121":{"start":{"line":179,"column":46},"end":{"line":179,"column":59}},"122":{"start":{"line":180,"column":4},"end":{"line":180,"column":43}},"123":{"start":{"line":181,"column":4},"end":{"line":181,"column":16}},"124":{"start":{"line":186,"column":13},"end":{"line":198,"column":2}},"125":{"start":{"line":188,"column":4},"end":{"line":188,"column":50}},"126":{"start":{"line":190,"column":4},"end":{"line":190,"column":66}},"127":{"start":{"line":190,"column":43},"end":{"line":190,"column":64}},"128":{"start":{"line":193,"column":20},"end":{"line":193,"column":37}},"129":{"start":{"line":194,"column":4},"end":{"line":194,"column":25}},"130":{"start":{"line":195,"column":4},"end":{"line":195,"column":54}},"131":{"start":{"line":196,"column":4},"end":{"line":196,"column":18}},"132":{"start":{"line":201,"column":13},"end":{"line":214,"column":2}},"133":{"start":{"line":203,"column":4},"end":{"line":203,"column":44}},"134":{"start":{"line":205,"column":21},"end":{"line":205,"column":39}},"135":{"start":{"line":206,"column":4},"end":{"line":206,"column":63}},"136":{"start":{"line":206,"column":32},"end":{"line":206,"column":53}},"137":{"start":{"line":209,"column":21},"end":{"line":209,"column":39}},"138":{"start":{"line":210,"column":4},"end":{"line":210,"column":27}},"139":{"start":{"line":211,"column":4},"end":{"line":211,"column":49}},"140":{"start":{"line":212,"column":4},"end":{"line":212,"column":19}},"141":{"start":{"line":217,"column":13},"end":{"line":237,"column":2}},"142":{"start":{"line":218,"column":32},"end":{"line":218,"column":64}},"143":{"start":{"line":220,"column":4},"end":{"line":220,"column":66}},"144":{"start":{"line":220,"column":43},"end":{"line":220,"column":64}},"145":{"start":{"line":226,"column":4},"end":{"line":229,"column":6}},"146":{"start":{"line":227,"column":36},"end":{"line":227,"column":76}},"147":{"start":{"line":232,"column":20},"end":{"line":232,"column":37}},"148":{"start":{"line":233,"column":4},"end":{"line":233,"column":25}},"149":{"start":{"line":234,"column":4},"end":{"line":234,"column":40}},"150":{"start":{"line":235,"column":4},"end":{"line":235,"column":18}},"151":{"start":{"line":240,"column":13},"end":{"line":261,"column":2}},"152":{"start":{"line":242,"column":4},"end":{"line":242,"column":44}},"153":{"start":{"line":244,"column":19},"end":{"line":244,"column":43}},"154":{"start":{"line":245,"column":4},"end":{"line":245,"column":61}},"155":{"start":{"line":245,"column":30},"end":{"line":245,"column":51}},"156":{"start":{"line":248,"column":19},"end":{"line":248,"column":43}},"157":{"start":{"line":249,"column":4},"end":{"line":249,"column":23}},"158":{"start":{"line":250,"column":4},"end":{"line":250,"column":47}},"159":{"start":{"line":251,"column":4},"end":{"line":251,"column":17}},"160":{"start":{"line":254,"column":19},"end":{"line":254,"column":43}},"161":{"start":{"line":255,"column":18},"end":{"line":255,"column":54}},"162":{"start":{"line":255,"column":42},"end":{"line":255,"column":53}},"163":{"start":{"line":256,"column":4},"end":{"line":256,"column":34}},"164":{"start":{"line":256,"column":22},"end":{"line":256,"column":34}},"165":{"start":{"line":257,"column":4},"end":{"line":257,"column":50}},"166":{"start":{"line":258,"column":4},"end":{"line":258,"column":47}},"167":{"start":{"line":259,"column":4},"end":{"line":259,"column":25}},"168":{"start":{"line":264,"column":13},"end":{"line":285,"column":2}},"169":{"start":{"line":266,"column":4},"end":{"line":266,"column":46}},"170":{"start":{"line":268,"column":20},"end":{"line":268,"column":40}},"171":{"start":{"line":269,"column":4},"end":{"line":269,"column":62}},"172":{"start":{"line":269,"column":31},"end":{"line":269,"column":52}},"173":{"start":{"line":272,"column":20},"end":{"line":272,"column":40}},"174":{"start":{"line":273,"column":4},"end":{"line":273,"column":25}},"175":{"start":{"line":274,"column":4},"end":{"line":274,"column":50}},"176":{"start":{"line":275,"column":4},"end":{"line":275,"column":18}},"177":{"start":{"line":278,"column":20},"end":{"line":278,"column":40}},"178":{"start":{"line":279,"column":18},"end":{"line":279,"column":55}},"179":{"start":{"line":279,"column":43},"end":{"line":279,"column":54}},"180":{"start":{"line":280,"column":4},"end":{"line":280,"column":34}},"181":{"start":{"line":280,"column":22},"end":{"line":280,"column":34}},"182":{"start":{"line":281,"column":4},"end":{"line":281,"column":52}},"183":{"start":{"line":282,"column":4},"end":{"line":282,"column":50}},"184":{"start":{"line":283,"column":4},"end":{"line":283,"column":26}},"185":{"start":{"line":288,"column":13},"end":{"line":309,"column":2}},"186":{"start":{"line":290,"column":4},"end":{"line":290,"column":47}},"187":{"start":{"line":292,"column":20},"end":{"line":292,"column":41}},"188":{"start":{"line":293,"column":4},"end":{"line":293,"column":62}},"189":{"start":{"line":293,"column":31},"end":{"line":293,"column":52}},"190":{"start":{"line":296,"column":20},"end":{"line":296,"column":41}},"191":{"start":{"line":297,"column":4},"end":{"line":297,"column":25}},"192":{"start":{"line":298,"column":4},"end":{"line":298,"column":51}},"193":{"start":{"line":299,"column":4},"end":{"line":299,"column":18}},"194":{"start":{"line":302,"column":20},"end":{"line":302,"column":41}},"195":{"start":{"line":303,"column":18},"end":{"line":303,"column":55}},"196":{"start":{"line":303,"column":43},"end":{"line":303,"column":54}},"197":{"start":{"line":304,"column":4},"end":{"line":304,"column":34}},"198":{"start":{"line":304,"column":22},"end":{"line":304,"column":34}},"199":{"start":{"line":305,"column":4},"end":{"line":305,"column":52}},"200":{"start":{"line":306,"column":4},"end":{"line":306,"column":51}},"201":{"start":{"line":307,"column":4},"end":{"line":307,"column":26}},"202":{"start":{"line":312,"column":13},"end":{"line":335,"column":2}},"203":{"start":{"line":314,"column":4},"end":{"line":314,"column":44}},"204":{"start":{"line":316,"column":4},"end":{"line":316,"column":66}},"205":{"start":{"line":316,"column":43},"end":{"line":316,"column":64}},"206":{"start":{"line":319,"column":4},"end":{"line":319,"column":70}},"207":{"start":{"line":319,"column":43},"end":{"line":319,"column":68}},"208":{"start":{"line":322,"column":21},"end":{"line":322,"column":38}},"209":{"start":{"line":323,"column":4},"end":{"line":323,"column":27}},"210":{"start":{"line":324,"column":4},"end":{"line":324,"column":49}},"211":{"start":{"line":325,"column":4},"end":{"line":325,"column":19}},"212":{"start":{"line":328,"column":21},"end":{"line":328,"column":38}},"213":{"start":{"line":329,"column":18},"end":{"line":329,"column":56}},"214":{"start":{"line":329,"column":44},"end":{"line":329,"column":55}},"215":{"start":{"line":330,"column":4},"end":{"line":330,"column":34}},"216":{"start":{"line":330,"column":22},"end":{"line":330,"column":34}},"217":{"start":{"line":331,"column":4},"end":{"line":331,"column":54}},"218":{"start":{"line":332,"column":4},"end":{"line":332,"column":49}},"219":{"start":{"line":333,"column":4},"end":{"line":333,"column":27}},"220":{"start":{"line":338,"column":13},"end":{"line":347,"column":2}},"221":{"start":{"line":340,"column":4},"end":{"line":340,"column":45}},"222":{"start":{"line":342,"column":17},"end":{"line":342,"column":42}},"223":{"start":{"line":343,"column":4},"end":{"line":343,"column":19}},"224":{"start":{"line":344,"column":4},"end":{"line":344,"column":46}},"225":{"start":{"line":345,"column":4},"end":{"line":345,"column":15}},"226":{"start":{"line":350,"column":13},"end":{"line":360,"column":2}},"227":{"start":{"line":352,"column":4},"end":{"line":352,"column":68}},"228":{"start":{"line":355,"column":20},"end":{"line":355,"column":38}},"229":{"start":{"line":356,"column":38},"end":{"line":356,"column":61}},"230":{"start":{"line":357,"column":4},"end":{"line":357,"column":44}},"231":{"start":{"line":358,"column":4},"end":{"line":358,"column":19}},"232":{"start":{"line":362,"column":36},"end":{"line":388,"column":2}},"233":{"start":{"line":362,"column":61},"end":{"line":388,"column":2}},"234":{"start":{"line":362,"column":13},"end":{"line":362,"column":36}},"235":{"start":{"line":391,"column":13},"end":{"line":412,"column":2}},"236":{"start":{"line":393,"column":4},"end":{"line":393,"column":46}},"237":{"start":{"line":395,"column":22},"end":{"line":395,"column":48}},"238":{"start":{"line":396,"column":4},"end":{"line":396,"column":56}},"239":{"start":{"line":396,"column":33},"end":{"line":396,"column":46}},"240":{"start":{"line":399,"column":22},"end":{"line":399,"column":48}},"241":{"start":{"line":400,"column":4},"end":{"line":400,"column":29}},"242":{"start":{"line":401,"column":4},"end":{"line":401,"column":52}},"243":{"start":{"line":402,"column":4},"end":{"line":402,"column":20}},"244":{"start":{"line":405,"column":22},"end":{"line":405,"column":48}},"245":{"start":{"line":406,"column":18},"end":{"line":406,"column":57}},"246":{"start":{"line":406,"column":45},"end":{"line":406,"column":56}},"247":{"start":{"line":407,"column":4},"end":{"line":407,"column":34}},"248":{"start":{"line":407,"column":22},"end":{"line":407,"column":34}},"249":{"start":{"line":408,"column":4},"end":{"line":408,"column":56}},"250":{"start":{"line":409,"column":4},"end":{"line":409,"column":52}},"251":{"start":{"line":410,"column":4},"end":{"line":410,"column":28}},"252":{"start":{"line":415,"column":13},"end":{"line":436,"column":2}},"253":{"start":{"line":417,"column":4},"end":{"line":417,"column":45}},"254":{"start":{"line":419,"column":20},"end":{"line":419,"column":45}},"255":{"start":{"line":420,"column":4},"end":{"line":420,"column":62}},"256":{"start":{"line":420,"column":31},"end":{"line":420,"column":52}},"257":{"start":{"line":423,"column":20},"end":{"line":423,"column":45}},"258":{"start":{"line":424,"column":4},"end":{"line":424,"column":25}},"259":{"start":{"line":425,"column":4},"end":{"line":425,"column":49}},"260":{"start":{"line":426,"column":4},"end":{"line":426,"column":18}},"261":{"start":{"line":429,"column":20},"end":{"line":429,"column":45}},"262":{"start":{"line":430,"column":18},"end":{"line":430,"column":55}},"263":{"start":{"line":430,"column":43},"end":{"line":430,"column":54}},"264":{"start":{"line":431,"column":4},"end":{"line":431,"column":34}},"265":{"start":{"line":431,"column":22},"end":{"line":431,"column":34}},"266":{"start":{"line":432,"column":4},"end":{"line":432,"column":52}},"267":{"start":{"line":433,"column":4},"end":{"line":433,"column":49}},"268":{"start":{"line":434,"column":4},"end":{"line":434,"column":26}},"269":{"start":{"line":439,"column":28},"end":{"line":442,"column":1}},"270":{"start":{"line":440,"column":2},"end":{"line":440,"column":44}},"271":{"start":{"line":440,"column":37},"end":{"line":440,"column":44}},"272":{"start":{"line":441,"column":2},"end":{"line":441,"column":69}},"273":{"start":{"line":441,"column":39},"end":{"line":441,"column":67}},"274":{"start":{"line":439,"column":13},"end":{"line":439,"column":28}}},"fnMap":{"0":{"name":"(anonymous_0)","decl":{"start":{"line":24,"column":23},"end":{"line":24,"column":27}},"loc":{"start":{"line":24,"column":62},"end":{"line":33,"column":1}}},"1":{"name":"(anonymous_1)","decl":{"start":{"line":35,"column":21},"end":{"line":35,"column":25}},"loc":{"start":{"line":35,"column":56},"end":{"line":38,"column":1}}},"2":{"name":"(anonymous_2)","decl":{"start":{"line":42,"column":10},"end":{"line":42,"column":30}},"loc":{"start":{"line":42,"column":33},"end":{"line":42,"column":66}}},"3":{"name":"(anonymous_3)","decl":{"start":{"line":43,"column":11},"end":{"line":43,"column":12}},"loc":{"start":{"line":43,"column":48},"end":{"line":46,"column":3}}},"4":{"name":"(anonymous_4)","decl":{"start":{"line":45,"column":25},"end":{"line":45,"column":26}},"loc":{"start":{"line":45,"column":32},"end":{"line":45,"column":43}}},"5":{"name":"(anonymous_5)","decl":{"start":{"line":47,"column":14},"end":{"line":47,"column":15}},"loc":{"start":{"line":47,"column":54},"end":{"line":50,"column":3}}},"6":{"name":"(anonymous_6)","decl":{"start":{"line":49,"column":25},"end":{"line":49,"column":26}},"loc":{"start":{"line":49,"column":32},"end":{"line":49,"column":77}}},"7":{"name":"(anonymous_7)","decl":{"start":{"line":51,"column":10},"end":{"line":51,"column":11}},"loc":{"start":{"line":51,"column":52},"end":{"line":56,"column":3}}},"8":{"name":"(anonymous_8)","decl":{"start":{"line":57,"column":10},"end":{"line":57,"column":11}},"loc":{"start":{"line":57,"column":77},"end":{"line":64,"column":3}}},"9":{"name":"(anonymous_9)","decl":{"start":{"line":59,"column":37},"end":{"line":59,"column":38}},"loc":{"start":{"line":59,"column":44},"end":{"line":59,"column":55}}},"10":{"name":"(anonymous_10)","decl":{"start":{"line":69,"column":10},"end":{"line":69,"column":30}},"loc":{"start":{"line":69,"column":33},"end":{"line":69,"column":66}}},"11":{"name":"(anonymous_11)","decl":{"start":{"line":70,"column":11},"end":{"line":70,"column":12}},"loc":{"start":{"line":70,"column":48},"end":{"line":73,"column":3}}},"12":{"name":"(anonymous_12)","decl":{"start":{"line":72,"column":25},"end":{"line":72,"column":26}},"loc":{"start":{"line":72,"column":32},"end":{"line":72,"column":43}}},"13":{"name":"(anonymous_13)","decl":{"start":{"line":74,"column":13},"end":{"line":74,"column":33}},"loc":{"start":{"line":74,"column":35},"end":{"line":76,"column":3}}},"14":{"name":"(anonymous_14)","decl":{"start":{"line":75,"column":37},"end":{"line":75,"column":38}},"loc":{"start":{"line":75,"column":44},"end":{"line":75,"column":54}}},"15":{"name":"(anonymous_15)","decl":{"start":{"line":77,"column":10},"end":{"line":77,"column":11}},"loc":{"start":{"line":77,"column":52},"end":{"line":82,"column":3}}},"16":{"name":"(anonymous_16)","decl":{"start":{"line":83,"column":10},"end":{"line":83,"column":11}},"loc":{"start":{"line":83,"column":77},"end":{"line":90,"column":3}}},"17":{"name":"(anonymous_17)","decl":{"start":{"line":85,"column":37},"end":{"line":85,"column":38}},"loc":{"start":{"line":85,"column":44},"end":{"line":85,"column":55}}},"18":{"name":"(anonymous_18)","decl":{"start":{"line":91,"column":10},"end":{"line":91,"column":11}},"loc":{"start":{"line":91,"column":34},"end":{"line":97,"column":3}}},"19":{"name":"(anonymous_19)","decl":{"start":{"line":93,"column":37},"end":{"line":93,"column":38}},"loc":{"start":{"line":93,"column":44},"end":{"line":93,"column":55}}},"20":{"name":"(anonymous_20)","decl":{"start":{"line":102,"column":10},"end":{"line":102,"column":28}},"loc":{"start":{"line":102,"column":31},"end":{"line":102,"column":62}}},"21":{"name":"(anonymous_21)","decl":{"start":{"line":103,"column":11},"end":{"line":103,"column":12}},"loc":{"start":{"line":103,"column":46},"end":{"line":106,"column":3}}},"22":{"name":"(anonymous_22)","decl":{"start":{"line":105,"column":23},"end":{"line":105,"column":24}},"loc":{"start":{"line":105,"column":30},"end":{"line":105,"column":41}}},"23":{"name":"(anonymous_23)","decl":{"start":{"line":107,"column":16},"end":{"line":107,"column":17}},"loc":{"start":{"line":107,"column":53},"end":{"line":109,"column":3}}},"24":{"name":"(anonymous_24)","decl":{"start":{"line":108,"column":35},"end":{"line":108,"column":36}},"loc":{"start":{"line":108,"column":42},"end":{"line":108,"column":67}}},"25":{"name":"(anonymous_25)","decl":{"start":{"line":110,"column":15},"end":{"line":110,"column":16}},"loc":{"start":{"line":110,"column":60},"end":{"line":112,"column":3}}},"26":{"name":"(anonymous_26)","decl":{"start":{"line":111,"column":35},"end":{"line":111,"column":36}},"loc":{"start":{"line":111,"column":42},"end":{"line":111,"column":61}}},"27":{"name":"(anonymous_27)","decl":{"start":{"line":113,"column":10},"end":{"line":113,"column":11}},"loc":{"start":{"line":113,"column":46},"end":{"line":118,"column":3}}},"28":{"name":"(anonymous_28)","decl":{"start":{"line":119,"column":10},"end":{"line":119,"column":11}},"loc":{"start":{"line":119,"column":73},"end":{"line":126,"column":3}}},"29":{"name":"(anonymous_29)","decl":{"start":{"line":121,"column":35},"end":{"line":121,"column":36}},"loc":{"start":{"line":121,"column":42},"end":{"line":121,"column":53}}},"30":{"name":"(anonymous_30)","decl":{"start":{"line":131,"column":10},"end":{"line":131,"column":30}},"loc":{"start":{"line":131,"column":33},"end":{"line":131,"column":66}}},"31":{"name":"(anonymous_31)","decl":{"start":{"line":132,"column":11},"end":{"line":132,"column":12}},"loc":{"start":{"line":132,"column":48},"end":{"line":135,"column":3}}},"32":{"name":"(anonymous_32)","decl":{"start":{"line":134,"column":25},"end":{"line":134,"column":26}},"loc":{"start":{"line":134,"column":32},"end":{"line":134,"column":43}}},"33":{"name":"(anonymous_33)","decl":{"start":{"line":136,"column":14},"end":{"line":136,"column":15}},"loc":{"start":{"line":136,"column":56},"end":{"line":139,"column":3}}},"34":{"name":"(anonymous_34)","decl":{"start":{"line":138,"column":25},"end":{"line":138,"column":26}},"loc":{"start":{"line":138,"column":32},"end":{"line":138,"column":53}}},"35":{"name":"(anonymous_35)","decl":{"start":{"line":140,"column":10},"end":{"line":140,"column":11}},"loc":{"start":{"line":140,"column":52},"end":{"line":145,"column":3}}},"36":{"name":"(anonymous_36)","decl":{"start":{"line":146,"column":10},"end":{"line":146,"column":11}},"loc":{"start":{"line":146,"column":77},"end":{"line":153,"column":3}}},"37":{"name":"(anonymous_37)","decl":{"start":{"line":148,"column":37},"end":{"line":148,"column":38}},"loc":{"start":{"line":148,"column":44},"end":{"line":148,"column":55}}},"38":{"name":"(anonymous_38)","decl":{"start":{"line":158,"column":10},"end":{"line":158,"column":31}},"loc":{"start":{"line":158,"column":34},"end":{"line":158,"column":68}}},"39":{"name":"(anonymous_39)","decl":{"start":{"line":159,"column":17},"end":{"line":159,"column":18}},"loc":{"start":{"line":159,"column":56},"end":{"line":161,"column":3}}},"40":{"name":"(anonymous_40)","decl":{"start":{"line":160,"column":38},"end":{"line":160,"column":39}},"loc":{"start":{"line":160,"column":45},"end":{"line":160,"column":68}}},"41":{"name":"(anonymous_41)","decl":{"start":{"line":162,"column":10},"end":{"line":162,"column":11}},"loc":{"start":{"line":162,"column":55},"end":{"line":167,"column":3}}},"42":{"name":"(anonymous_42)","decl":{"start":{"line":168,"column":10},"end":{"line":168,"column":11}},"loc":{"start":{"line":168,"column":79},"end":{"line":175,"column":3}}},"43":{"name":"(anonymous_43)","decl":{"start":{"line":170,"column":38},"end":{"line":170,"column":39}},"loc":{"start":{"line":170,"column":45},"end":{"line":170,"column":56}}},"44":{"name":"(anonymous_44)","decl":{"start":{"line":176,"column":10},"end":{"line":176,"column":11}},"loc":{"start":{"line":176,"column":34},"end":{"line":182,"column":3}}},"45":{"name":"(anonymous_45)","decl":{"start":{"line":178,"column":38},"end":{"line":178,"column":39}},"loc":{"start":{"line":178,"column":45},"end":{"line":178,"column":56}}},"46":{"name":"(anonymous_46)","decl":{"start":{"line":187,"column":10},"end":{"line":187,"column":42}},"loc":{"start":{"line":188,"column":4},"end":{"line":188,"column":50}}},"47":{"name":"(anonymous_47)","decl":{"start":{"line":189,"column":14},"end":{"line":189,"column":15}},"loc":{"start":{"line":189,"column":63},"end":{"line":191,"column":3}}},"48":{"name":"(anonymous_48)","decl":{"start":{"line":190,"column":36},"end":{"line":190,"column":37}},"loc":{"start":{"line":190,"column":43},"end":{"line":190,"column":64}}},"49":{"name":"(anonymous_49)","decl":{"start":{"line":192,"column":10},"end":{"line":192,"column":11}},"loc":{"start":{"line":192,"column":75},"end":{"line":197,"column":3}}},"50":{"name":"(anonymous_50)","decl":{"start":{"line":202,"column":10},"end":{"line":202,"column":36}},"loc":{"start":{"line":203,"column":4},"end":{"line":203,"column":44}}},"51":{"name":"(anonymous_51)","decl":{"start":{"line":204,"column":14},"end":{"line":204,"column":15}},"loc":{"start":{"line":204,"column":62},"end":{"line":207,"column":3}}},"52":{"name":"(anonymous_52)","decl":{"start":{"line":206,"column":25},"end":{"line":206,"column":26}},"loc":{"start":{"line":206,"column":32},"end":{"line":206,"column":53}}},"53":{"name":"(anonymous_53)","decl":{"start":{"line":208,"column":10},"end":{"line":208,"column":11}},"loc":{"start":{"line":208,"column":64},"end":{"line":213,"column":3}}},"54":{"name":"(anonymous_54)","decl":{"start":{"line":218,"column":10},"end":{"line":218,"column":29}},"loc":{"start":{"line":218,"column":32},"end":{"line":218,"column":64}}},"55":{"name":"(anonymous_55)","decl":{"start":{"line":219,"column":14},"end":{"line":219,"column":15}},"loc":{"start":{"line":219,"column":50},"end":{"line":221,"column":3}}},"56":{"name":"(anonymous_56)","decl":{"start":{"line":220,"column":36},"end":{"line":220,"column":37}},"loc":{"start":{"line":220,"column":43},"end":{"line":220,"column":64}}},"57":{"name":"(anonymous_57)","decl":{"start":{"line":222,"column":21},"end":{"line":222,"column":null}},"loc":{"start":{"line":225,"column":27},"end":{"line":230,"column":3}}},"58":{"name":"(anonymous_58)","decl":{"start":{"line":227,"column":29},"end":{"line":227,"column":30}},"loc":{"start":{"line":227,"column":36},"end":{"line":227,"column":76}}},"59":{"name":"(anonymous_59)","decl":{"start":{"line":231,"column":10},"end":{"line":231,"column":11}},"loc":{"start":{"line":231,"column":49},"end":{"line":236,"column":3}}},"60":{"name":"(anonymous_60)","decl":{"start":{"line":241,"column":10},"end":{"line":241,"column":36}},"loc":{"start":{"line":242,"column":4},"end":{"line":242,"column":44}}},"61":{"name":"(anonymous_61)","decl":{"start":{"line":243,"column":14},"end":{"line":243,"column":15}},"loc":{"start":{"line":243,"column":62},"end":{"line":246,"column":3}}},"62":{"name":"(anonymous_62)","decl":{"start":{"line":245,"column":23},"end":{"line":245,"column":24}},"loc":{"start":{"line":245,"column":30},"end":{"line":245,"column":51}}},"63":{"name":"(anonymous_63)","decl":{"start":{"line":247,"column":10},"end":{"line":247,"column":11}},"loc":{"start":{"line":247,"column":62},"end":{"line":252,"column":3}}},"64":{"name":"(anonymous_64)","decl":{"start":{"line":253,"column":10},"end":{"line":253,"column":11}},"loc":{"start":{"line":253,"column":90},"end":{"line":260,"column":3}}},"65":{"name":"(anonymous_65)","decl":{"start":{"line":255,"column":35},"end":{"line":255,"column":36}},"loc":{"start":{"line":255,"column":42},"end":{"line":255,"column":53}}},"66":{"name":"(anonymous_66)","decl":{"start":{"line":265,"column":10},"end":{"line":265,"column":38}},"loc":{"start":{"line":266,"column":4},"end":{"line":266,"column":46}}},"67":{"name":"(anonymous_67)","decl":{"start":{"line":267,"column":14},"end":{"line":267,"column":15}},"loc":{"start":{"line":267,"column":64},"end":{"line":270,"column":3}}},"68":{"name":"(anonymous_68)","decl":{"start":{"line":269,"column":24},"end":{"line":269,"column":25}},"loc":{"start":{"line":269,"column":31},"end":{"line":269,"column":52}}},"69":{"name":"(anonymous_69)","decl":{"start":{"line":271,"column":10},"end":{"line":271,"column":11}},"loc":{"start":{"line":271,"column":67},"end":{"line":276,"column":3}}},"70":{"name":"(anonymous_70)","decl":{"start":{"line":277,"column":10},"end":{"line":277,"column":11}},"loc":{"start":{"line":277,"column":93},"end":{"line":284,"column":3}}},"71":{"name":"(anonymous_71)","decl":{"start":{"line":279,"column":36},"end":{"line":279,"column":37}},"loc":{"start":{"line":279,"column":43},"end":{"line":279,"column":54}}},"72":{"name":"(anonymous_72)","decl":{"start":{"line":289,"column":10},"end":{"line":289,"column":39}},"loc":{"start":{"line":290,"column":4},"end":{"line":290,"column":47}}},"73":{"name":"(anonymous_73)","decl":{"start":{"line":291,"column":14},"end":{"line":291,"column":15}},"loc":{"start":{"line":291,"column":65},"end":{"line":294,"column":3}}},"74":{"name":"(anonymous_74)","decl":{"start":{"line":293,"column":24},"end":{"line":293,"column":25}},"loc":{"start":{"line":293,"column":31},"end":{"line":293,"column":52}}},"75":{"name":"(anonymous_75)","decl":{"start":{"line":295,"column":10},"end":{"line":295,"column":11}},"loc":{"start":{"line":295,"column":69},"end":{"line":300,"column":3}}},"76":{"name":"(anonymous_76)","decl":{"start":{"line":301,"column":10},"end":{"line":301,"column":11}},"loc":{"start":{"line":301,"column":95},"end":{"line":308,"column":3}}},"77":{"name":"(anonymous_77)","decl":{"start":{"line":303,"column":36},"end":{"line":303,"column":37}},"loc":{"start":{"line":303,"column":43},"end":{"line":303,"column":54}}},"78":{"name":"(anonymous_78)","decl":{"start":{"line":313,"column":10},"end":{"line":313,"column":36}},"loc":{"start":{"line":314,"column":4},"end":{"line":314,"column":44}}},"79":{"name":"(anonymous_79)","decl":{"start":{"line":315,"column":14},"end":{"line":315,"column":15}},"loc":{"start":{"line":315,"column":57},"end":{"line":317,"column":3}}},"80":{"name":"(anonymous_80)","decl":{"start":{"line":316,"column":36},"end":{"line":316,"column":37}},"loc":{"start":{"line":316,"column":43},"end":{"line":316,"column":64}}},"81":{"name":"(anonymous_81)","decl":{"start":{"line":318,"column":16},"end":{"line":318,"column":17}},"loc":{"start":{"line":318,"column":61},"end":{"line":320,"column":3}}},"82":{"name":"(anonymous_82)","decl":{"start":{"line":319,"column":36},"end":{"line":319,"column":37}},"loc":{"start":{"line":319,"column":43},"end":{"line":319,"column":68}}},"83":{"name":"(anonymous_83)","decl":{"start":{"line":321,"column":10},"end":{"line":321,"column":11}},"loc":{"start":{"line":321,"column":64},"end":{"line":326,"column":3}}},"84":{"name":"(anonymous_84)","decl":{"start":{"line":327,"column":10},"end":{"line":327,"column":11}},"loc":{"start":{"line":327,"column":89},"end":{"line":334,"column":3}}},"85":{"name":"(anonymous_85)","decl":{"start":{"line":329,"column":37},"end":{"line":329,"column":38}},"loc":{"start":{"line":329,"column":44},"end":{"line":329,"column":55}}},"86":{"name":"(anonymous_86)","decl":{"start":{"line":339,"column":10},"end":{"line":339,"column":37}},"loc":{"start":{"line":340,"column":4},"end":{"line":340,"column":45}}},"87":{"name":"(anonymous_87)","decl":{"start":{"line":341,"column":10},"end":{"line":341,"column":11}},"loc":{"start":{"line":341,"column":62},"end":{"line":346,"column":3}}},"88":{"name":"(anonymous_88)","decl":{"start":{"line":351,"column":14},"end":{"line":351,"column":35}},"loc":{"start":{"line":351,"column":37},"end":{"line":353,"column":3}}},"89":{"name":"(anonymous_89)","decl":{"start":{"line":354,"column":17},"end":{"line":354,"column":18}},"loc":{"start":{"line":354,"column":71},"end":{"line":359,"column":3}}},"90":{"name":"(anonymous_90)","decl":{"start":{"line":362,"column":36},"end":{"line":362,"column":57}},"loc":{"start":{"line":362,"column":61},"end":{"line":388,"column":2}}},"91":{"name":"(anonymous_91)","decl":{"start":{"line":392,"column":10},"end":{"line":392,"column":38}},"loc":{"start":{"line":393,"column":4},"end":{"line":393,"column":46}}},"92":{"name":"(anonymous_92)","decl":{"start":{"line":394,"column":12},"end":{"line":394,"column":13}},"loc":{"start":{"line":394,"column":58},"end":{"line":397,"column":3}}},"93":{"name":"(anonymous_93)","decl":{"start":{"line":396,"column":26},"end":{"line":396,"column":27}},"loc":{"start":{"line":396,"column":33},"end":{"line":396,"column":46}}},"94":{"name":"(anonymous_94)","decl":{"start":{"line":398,"column":10},"end":{"line":398,"column":11}},"loc":{"start":{"line":398,"column":69},"end":{"line":403,"column":3}}},"95":{"name":"(anonymous_95)","decl":{"start":{"line":404,"column":10},"end":{"line":404,"column":11}},"loc":{"start":{"line":404,"column":93},"end":{"line":411,"column":3}}},"96":{"name":"(anonymous_96)","decl":{"start":{"line":406,"column":38},"end":{"line":406,"column":39}},"loc":{"start":{"line":406,"column":45},"end":{"line":406,"column":56}}},"97":{"name":"(anonymous_97)","decl":{"start":{"line":416,"column":10},"end":{"line":416,"column":37}},"loc":{"start":{"line":417,"column":4},"end":{"line":417,"column":45}}},"98":{"name":"(anonymous_98)","decl":{"start":{"line":418,"column":14},"end":{"line":418,"column":15}},"loc":{"start":{"line":418,"column":63},"end":{"line":421,"column":3}}},"99":{"name":"(anonymous_99)","decl":{"start":{"line":420,"column":24},"end":{"line":420,"column":25}},"loc":{"start":{"line":420,"column":31},"end":{"line":420,"column":52}}},"100":{"name":"(anonymous_100)","decl":{"start":{"line":422,"column":10},"end":{"line":422,"column":11}},"loc":{"start":{"line":422,"column":65},"end":{"line":427,"column":3}}},"101":{"name":"(anonymous_101)","decl":{"start":{"line":428,"column":10},"end":{"line":428,"column":11}},"loc":{"start":{"line":428,"column":91},"end":{"line":435,"column":3}}},"102":{"name":"(anonymous_102)","decl":{"start":{"line":430,"column":36},"end":{"line":430,"column":37}},"loc":{"start":{"line":430,"column":43},"end":{"line":430,"column":54}}},"103":{"name":"(anonymous_103)","decl":{"start":{"line":439,"column":28},"end":{"line":439,"column":37}},"loc":{"start":{"line":439,"column":39},"end":{"line":442,"column":1}}},"104":{"name":"(anonymous_104)","decl":{"start":{"line":441,"column":30},"end":{"line":441,"column":31}},"loc":{"start":{"line":441,"column":39},"end":{"line":441,"column":67}}}},"branchMap":{"0":{"loc":{"start":{"line":25,"column":2},"end":{"line":25,"column":57}},"type":"if","locations":[{"start":{"line":25,"column":2},"end":{"line":25,"column":57}},{"start":{},"end":{}}]},"1":{"loc":{"start":{"line":27,"column":2},"end":{"line":27,"column":33}},"type":"if","locations":[{"start":{"line":27,"column":2},"end":{"line":27,"column":33}},{"start":{},"end":{}}]},"2":{"loc":{"start":{"line":36,"column":2},"end":{"line":36,"column":44}},"type":"if","locations":[{"start":{"line":36,"column":2},"end":{"line":36,"column":44}},{"start":{},"end":{}}]},"3":{"loc":{"start":{"line":45,"column":11},"end":{"line":45,"column":52}},"type":"binary-expr","locations":[{"start":{"line":45,"column":11},"end":{"line":45,"column":44}},{"start":{"line":45,"column":48},"end":{"line":45,"column":52}}]},"4":{"loc":{"start":{"line":49,"column":11},"end":{"line":49,"column":86}},"type":"binary-expr","locations":[{"start":{"line":49,"column":11},"end":{"line":49,"column":78}},{"start":{"line":49,"column":82},"end":{"line":49,"column":86}}]},"5":{"loc":{"start":{"line":60,"column":4},"end":{"line":60,"column":34}},"type":"if","locations":[{"start":{"line":60,"column":4},"end":{"line":60,"column":34}},{"start":{},"end":{}}]},"6":{"loc":{"start":{"line":72,"column":11},"end":{"line":72,"column":52}},"type":"binary-expr","locations":[{"start":{"line":72,"column":11},"end":{"line":72,"column":44}},{"start":{"line":72,"column":48},"end":{"line":72,"column":52}}]},"7":{"loc":{"start":{"line":86,"column":4},"end":{"line":86,"column":34}},"type":"if","locations":[{"start":{"line":86,"column":4},"end":{"line":86,"column":34}},{"start":{},"end":{}}]},"8":{"loc":{"start":{"line":94,"column":4},"end":{"line":94,"column":58}},"type":"if","locations":[{"start":{"line":94,"column":4},"end":{"line":94,"column":58}},{"start":{},"end":{}}]},"9":{"loc":{"start":{"line":105,"column":11},"end":{"line":105,"column":50}},"type":"binary-expr","locations":[{"start":{"line":105,"column":11},"end":{"line":105,"column":42}},{"start":{"line":105,"column":46},"end":{"line":105,"column":50}}]},"10":{"loc":{"start":{"line":122,"column":4},"end":{"line":122,"column":34}},"type":"if","locations":[{"start":{"line":122,"column":4},"end":{"line":122,"column":34}},{"start":{},"end":{}}]},"11":{"loc":{"start":{"line":134,"column":11},"end":{"line":134,"column":52}},"type":"binary-expr","locations":[{"start":{"line":134,"column":11},"end":{"line":134,"column":44}},{"start":{"line":134,"column":48},"end":{"line":134,"column":52}}]},"12":{"loc":{"start":{"line":138,"column":11},"end":{"line":138,"column":62}},"type":"binary-expr","locations":[{"start":{"line":138,"column":11},"end":{"line":138,"column":54}},{"start":{"line":138,"column":58},"end":{"line":138,"column":62}}]},"13":{"loc":{"start":{"line":149,"column":4},"end":{"line":149,"column":34}},"type":"if","locations":[{"start":{"line":149,"column":4},"end":{"line":149,"column":34}},{"start":{},"end":{}}]},"14":{"loc":{"start":{"line":171,"column":4},"end":{"line":171,"column":34}},"type":"if","locations":[{"start":{"line":171,"column":4},"end":{"line":171,"column":34}},{"start":{},"end":{}}]},"15":{"loc":{"start":{"line":179,"column":4},"end":{"line":179,"column":59}},"type":"if","locations":[{"start":{"line":179,"column":4},"end":{"line":179,"column":59}},{"start":{},"end":{}}]},"16":{"loc":{"start":{"line":206,"column":11},"end":{"line":206,"column":62}},"type":"binary-expr","locations":[{"start":{"line":206,"column":11},"end":{"line":206,"column":54}},{"start":{"line":206,"column":58},"end":{"line":206,"column":62}}]},"17":{"loc":{"start":{"line":227,"column":6},"end":{"line":228,"column":10}},"type":"binary-expr","locations":[{"start":{"line":227,"column":6},"end":{"line":227,"column":77}},{"start":{"line":228,"column":6},"end":{"line":228,"column":10}}]},"18":{"loc":{"start":{"line":227,"column":36},"end":{"line":227,"column":76}},"type":"binary-expr","locations":[{"start":{"line":227,"column":36},"end":{"line":227,"column":57}},{"start":{"line":227,"column":61},"end":{"line":227,"column":76}}]},"19":{"loc":{"start":{"line":245,"column":11},"end":{"line":245,"column":60}},"type":"binary-expr","locations":[{"start":{"line":245,"column":11},"end":{"line":245,"column":52}},{"start":{"line":245,"column":56},"end":{"line":245,"column":60}}]},"20":{"loc":{"start":{"line":256,"column":4},"end":{"line":256,"column":34}},"type":"if","locations":[{"start":{"line":256,"column":4},"end":{"line":256,"column":34}},{"start":{},"end":{}}]},"21":{"loc":{"start":{"line":269,"column":11},"end":{"line":269,"column":61}},"type":"binary-expr","locations":[{"start":{"line":269,"column":11},"end":{"line":269,"column":53}},{"start":{"line":269,"column":57},"end":{"line":269,"column":61}}]},"22":{"loc":{"start":{"line":280,"column":4},"end":{"line":280,"column":34}},"type":"if","locations":[{"start":{"line":280,"column":4},"end":{"line":280,"column":34}},{"start":{},"end":{}}]},"23":{"loc":{"start":{"line":293,"column":11},"end":{"line":293,"column":61}},"type":"binary-expr","locations":[{"start":{"line":293,"column":11},"end":{"line":293,"column":53}},{"start":{"line":293,"column":57},"end":{"line":293,"column":61}}]},"24":{"loc":{"start":{"line":304,"column":4},"end":{"line":304,"column":34}},"type":"if","locations":[{"start":{"line":304,"column":4},"end":{"line":304,"column":34}},{"start":{},"end":{}}]},"25":{"loc":{"start":{"line":330,"column":4},"end":{"line":330,"column":34}},"type":"if","locations":[{"start":{"line":330,"column":4},"end":{"line":330,"column":34}},{"start":{},"end":{}}]},"26":{"loc":{"start":{"line":396,"column":11},"end":{"line":396,"column":55}},"type":"binary-expr","locations":[{"start":{"line":396,"column":11},"end":{"line":396,"column":47}},{"start":{"line":396,"column":51},"end":{"line":396,"column":55}}]},"27":{"loc":{"start":{"line":407,"column":4},"end":{"line":407,"column":34}},"type":"if","locations":[{"start":{"line":407,"column":4},"end":{"line":407,"column":34}},{"start":{},"end":{}}]},"28":{"loc":{"start":{"line":420,"column":11},"end":{"line":420,"column":61}},"type":"binary-expr","locations":[{"start":{"line":420,"column":11},"end":{"line":420,"column":53}},{"start":{"line":420,"column":57},"end":{"line":420,"column":61}}]},"29":{"loc":{"start":{"line":431,"column":4},"end":{"line":431,"column":34}},"type":"if","locations":[{"start":{"line":431,"column":4},"end":{"line":431,"column":34}},{"start":{},"end":{}}]},"30":{"loc":{"start":{"line":440,"column":2},"end":{"line":440,"column":44}},"type":"if","locations":[{"start":{"line":440,"column":2},"end":{"line":440,"column":44}},{"start":{},"end":{}}]}},"s":{"0":6,"1":6,"2":279,"3":0,"4":279,"5":279,"6":155,"7":124,"8":124,"9":0,"10":6,"11":151,"12":0,"13":151,"14":6,"15":66,"16":27,"17":27,"18":26,"19":3,"20":3,"21":2,"22":33,"23":33,"24":33,"25":33,"26":1,"27":1,"28":1,"29":1,"30":0,"31":1,"32":1,"33":1,"34":6,"35":37,"36":17,"37":17,"38":17,"39":0,"40":0,"41":20,"42":20,"43":20,"44":20,"45":0,"46":0,"47":0,"48":0,"49":0,"50":0,"51":0,"52":0,"53":0,"54":0,"55":0,"56":0,"57":0,"58":0,"59":0,"60":6,"61":73,"62":26,"63":26,"64":27,"65":3,"66":8,"67":1,"68":2,"69":38,"70":38,"71":38,"72":38,"73":5,"74":5,"75":4,"76":5,"77":1,"78":4,"79":4,"80":4,"81":6,"82":3,"83":0,"84":0,"85":0,"86":0,"87":0,"88":0,"89":2,"90":2,"91":2,"92":2,"93":1,"94":1,"95":1,"96":1,"97":0,"98":1,"99":1,"100":1,"101":6,"102":0,"103":0,"104":0,"105":0,"106":0,"107":0,"108":0,"109":0,"110":0,"111":0,"112":0,"113":0,"114":0,"115":0,"116":0,"117":0,"118":0,"119":0,"120":0,"121":0,"122":0,"123":0,"124":6,"125":6,"126":6,"127":0,"128":0,"129":0,"130":0,"131":0,"132":6,"133":6,"134":6,"135":6,"136":0,"137":0,"138":0,"139":0,"140":0,"141":6,"142":6,"143":6,"144":0,"145":0,"146":0,"147":0,"148":0,"149":0,"150":0,"151":6,"152":11,"153":3,"154":3,"155":3,"156":5,"157":5,"158":5,"159":5,"160":1,"161":1,"162":1,"163":1,"164":0,"165":1,"166":1,"167":1,"168":6,"169":7,"170":3,"171":3,"172":2,"173":4,"174":4,"175":4,"176":4,"177":0,"178":0,"179":0,"180":0,"181":0,"182":0,"183":0,"184":0,"185":6,"186":7,"187":2,"188":2,"189":2,"190":3,"191":3,"192":3,"193":3,"194":1,"195":1,"196":1,"197":1,"198":0,"199":1,"200":1,"201":1,"202":6,"203":4,"204":1,"205":1,"206":0,"207":0,"208":3,"209":3,"210":3,"211":3,"212":0,"213":0,"214":0,"215":0,"216":0,"217":0,"218":0,"219":0,"220":6,"221":27,"222":21,"223":21,"224":21,"225":21,"226":6,"227":0,"228":0,"229":0,"230":0,"231":0,"232":6,"233":0,"234":6,"235":6,"236":13,"237":5,"238":5,"239":5,"240":7,"241":7,"242":7,"243":7,"244":0,"245":0,"246":0,"247":0,"248":0,"249":0,"250":0,"251":0,"252":6,"253":13,"254":6,"255":6,"256":5,"257":4,"258":4,"259":4,"260":4,"261":3,"262":3,"263":3,"264":3,"265":0,"266":3,"267":3,"268":3,"269":6,"270":0,"271":0,"272":0,"273":0,"274":6},"f":{"0":279,"1":151,"2":66,"3":27,"4":26,"5":3,"6":2,"7":33,"8":1,"9":1,"10":37,"11":17,"12":17,"13":0,"14":0,"15":20,"16":0,"17":0,"18":0,"19":0,"20":73,"21":26,"22":27,"23":3,"24":8,"25":1,"26":2,"27":38,"28":5,"29":4,"30":3,"31":0,"32":0,"33":0,"34":0,"35":2,"36":1,"37":1,"38":0,"39":0,"40":0,"41":0,"42":0,"43":0,"44":0,"45":0,"46":6,"47":6,"48":0,"49":0,"50":6,"51":6,"52":0,"53":0,"54":6,"55":6,"56":0,"57":0,"58":0,"59":0,"60":11,"61":3,"62":3,"63":5,"64":1,"65":1,"66":7,"67":3,"68":2,"69":4,"70":0,"71":0,"72":7,"73":2,"74":2,"75":3,"76":1,"77":1,"78":4,"79":1,"80":1,"81":0,"82":0,"83":3,"84":0,"85":0,"86":27,"87":21,"88":0,"89":0,"90":0,"91":13,"92":5,"93":5,"94":7,"95":0,"96":0,"97":13,"98":6,"99":5,"100":4,"101":3,"102":3,"103":0,"104":0},"b":{"0":[0,279],"1":[155,124],"2":[0,151],"3":[27,5],"4":[3,1],"5":[0,1],"6":[17,2],"7":[0,0],"8":[0,0],"9":[26,0],"10":[1,4],"11":[0,0],"12":[0,0],"13":[0,1],"14":[0,0],"15":[0,0],"16":[6,6],"17":[0,0],"18":[0,0],"19":[3,0],"20":[0,1],"21":[3,1],"22":[0,0],"23":[2,0],"24":[0,1],"25":[0,0],"26":[5,1],"27":[0,0],"28":[6,1],"29":[0,3],"30":[0,0]}}
,"C:\\Repo\\Tele\\lib\\eligibility.ts": {"path":"C:\\Repo\\Tele\\lib\\eligibility.ts","statementMap":{"0":{"start":{"line":13,"column":0},"end":{"line":13,"column":16}},"1":{"start":{"line":50,"column":0},"end":{"line":50,"column":16}},"2":{"start":{"line":17,"column":2},"end":{"line":31,"column":3}},"3":{"start":{"line":18,"column":21},"end":{"line":18,"column":70}},"4":{"start":{"line":18,"column":43},"end":{"line":18,"column":69}},"5":{"start":{"line":19,"column":4},"end":{"line":19,"column":43}},"6":{"start":{"line":19,"column":34},"end":{"line":19,"column":43}},"7":{"start":{"line":21,"column":22},"end":{"line":21,"column":56}},"8":{"start":{"line":22,"column":29},"end":{"line":22,"column":72}},"9":{"start":{"line":24,"column":4},"end":{"line":30,"column":5}},"10":{"start":{"line":25,"column":6},"end":{"line":29,"column":8}},"11":{"start":{"line":33,"column":2},"end":{"line":33,"column":28}},"12":{"start":{"line":37,"column":15},"end":{"line":37,"column":42}},"13":{"start":{"line":38,"column":2},"end":{"line":40,"column":3}},"14":{"start":{"line":39,"column":4},"end":{"line":39,"column":190}},"15":{"start":{"line":41,"column":2},"end":{"line":43,"column":3}},"16":{"start":{"line":42,"column":4},"end":{"line":42,"column":121}},"17":{"start":{"line":44,"column":2},"end":{"line":44,"column":121}},"18":{"start":{"line":54,"column":19},"end":{"line":54,"column":60}},"19":{"start":{"line":54,"column":46},"end":{"line":54,"column":58}},"20":{"start":{"line":55,"column":18},"end":{"line":57,"column":23}},"21":{"start":{"line":56,"column":19},"end":{"line":56,"column":52}},"22":{"start":{"line":57,"column":16},"end":{"line":57,"column":22}},"23":{"start":{"line":59,"column":2},"end":{"line":59,"column":71}}},"fnMap":{"0":{"name":"checkEligibility","decl":{"start":{"line":13,"column":16},"end":{"line":13,"column":32}},"loc":{"start":{"line":15,"column":23},"end":{"line":34,"column":1}}},"1":{"name":"(anonymous_1)","decl":{"start":{"line":18,"column":36},"end":{"line":18,"column":37}},"loc":{"start":{"line":18,"column":43},"end":{"line":18,"column":69}}},"2":{"name":"buildReason","decl":{"start":{"line":36,"column":9},"end":{"line":36,"column":20}},"loc":{"start":{"line":36,"column":39},"end":{"line":45,"column":1}}},"3":{"name":"validateCompleteness","decl":{"start":{"line":50,"column":16},"end":{"line":50,"column":36}},"loc":{"start":{"line":52,"column":23},"end":{"line":60,"column":1}}},"4":{"name":"(anonymous_4)","decl":{"start":{"line":54,"column":39},"end":{"line":54,"column":40}},"loc":{"start":{"line":54,"column":46},"end":{"line":54,"column":58}}},"5":{"name":"(anonymous_5)","decl":{"start":{"line":56,"column":12},"end":{"line":56,"column":13}},"loc":{"start":{"line":56,"column":19},"end":{"line":56,"column":52}}},"6":{"name":"(anonymous_6)","decl":{"start":{"line":57,"column":9},"end":{"line":57,"column":10}},"loc":{"start":{"line":57,"column":16},"end":{"line":57,"column":22}}}},"branchMap":{"0":{"loc":{"start":{"line":19,"column":4},"end":{"line":19,"column":43}},"type":"if","locations":[{"start":{"line":19,"column":4},"end":{"line":19,"column":43}},{"start":{},"end":{}}]},"1":{"loc":{"start":{"line":24,"column":4},"end":{"line":30,"column":5}},"type":"if","locations":[{"start":{"line":24,"column":4},"end":{"line":30,"column":5}},{"start":{},"end":{}}]},"2":{"loc":{"start":{"line":38,"column":2},"end":{"line":40,"column":3}},"type":"if","locations":[{"start":{"line":38,"column":2},"end":{"line":40,"column":3}},{"start":{},"end":{}}]},"3":{"loc":{"start":{"line":38,"column":6},"end":{"line":38,"column":55}},"type":"binary-expr","locations":[{"start":{"line":38,"column":6},"end":{"line":38,"column":30}},{"start":{"line":38,"column":34},"end":{"line":38,"column":55}}]},"4":{"loc":{"start":{"line":41,"column":2},"end":{"line":43,"column":3}},"type":"if","locations":[{"start":{"line":41,"column":2},"end":{"line":43,"column":3}},{"start":{},"end":{}}]},"5":{"loc":{"start":{"line":41,"column":6},"end":{"line":41,"column":59}},"type":"binary-expr","locations":[{"start":{"line":41,"column":6},"end":{"line":41,"column":31}},{"start":{"line":41,"column":35},"end":{"line":41,"column":59}}]},"6":{"loc":{"start":{"line":56,"column":19},"end":{"line":56,"column":52}},"type":"binary-expr","locations":[{"start":{"line":56,"column":19},"end":{"line":56,"column":29}},{"start":{"line":56,"column":33},"end":{"line":56,"column":52}}]}},"s":{"0":2,"1":2,"2":10,"3":14,"4":20,"5":14,"6":3,"7":11,"8":11,"9":11,"10":5,"11":5,"12":5,"13":5,"14":4,"15":1,"16":1,"17":0,"18":4,"19":5,"20":4,"21":12,"22":3,"23":4},"f":{"0":10,"1":20,"2":5,"3":4,"4":5,"5":12,"6":3},"b":{"0":[3,11],"1":[5,6],"2":[4,1],"3":[5,1],"4":[1,0],"5":[1,0],"6":[12,8]}}
,"C:\\Repo\\Tele\\services\\lifefile.ts": {"path":"C:\\Repo\\Tele\\services\\lifefile.ts","statementMap":{"0":{"start":{"line":11,"column":0},"end":{"line":11,"column":31}},"1":{"start":{"line":12,"column":0},"end":{"line":12,"column":53}},"2":{"start":{"line":14,"column":21},"end":{"line":14,"column":51}},"3":{"start":{"line":15,"column":18},"end":{"line":15,"column":37}},"4":{"start":{"line":16,"column":20},"end":{"line":16,"column":36}},"5":{"start":{"line":17,"column":23},"end":{"line":17,"column":39}},"6":{"start":{"line":18,"column":21},"end":{"line":18,"column":32}},"7":{"start":{"line":19,"column":21},"end":{"line":19,"column":36}},"8":{"start":{"line":21,"column":35},"end":{"line":110,"column":1}},"9":{"start":{"line":22,"column":18},"end":{"line":22,"column":55}},"10":{"start":{"line":23,"column":18},"end":{"line":23,"column":55}},"11":{"start":{"line":24,"column":15},"end":{"line":24,"column":64}},"12":{"start":{"line":24,"column":42},"end":{"line":24,"column":63}},"13":{"start":{"line":26,"column":2},"end":{"line":28,"column":3}},"14":{"start":{"line":27,"column":4},"end":{"line":27,"column":42}},"15":{"start":{"line":31,"column":58},"end":{"line":66,"column":4}},"16":{"start":{"line":69,"column":45},"end":{"line":77,"column":4}},"17":{"start":{"line":79,"column":16},"end":{"line":79,"column":56}},"18":{"start":{"line":82,"column":2},"end":{"line":107,"column":5}},"19":{"start":{"line":92,"column":50},"end":{"line":95,"column":8}},"20":{"start":{"line":109,"column":2},"end":{"line":109,"column":15}},"21":{"start":{"line":21,"column":13},"end":{"line":21,"column":35}},"22":{"start":{"line":112,"column":33},"end":{"line":149,"column":1}},"23":{"start":{"line":116,"column":24},"end":{"line":116,"column":62}},"24":{"start":{"line":118,"column":2},"end":{"line":120,"column":3}},"25":{"start":{"line":119,"column":4},"end":{"line":119,"column":16}},"26":{"start":{"line":123,"column":18},"end":{"line":125,"column":4}},"27":{"start":{"line":128,"column":2},"end":{"line":128,"column":57}},"28":{"start":{"line":131,"column":2},"end":{"line":146,"column":5}},"29":{"start":{"line":148,"column":2},"end":{"line":148,"column":17}},"30":{"start":{"line":112,"column":13},"end":{"line":112,"column":33}},"31":{"start":{"line":151,"column":33},"end":{"line":191,"column":1}},"32":{"start":{"line":155,"column":24},"end":{"line":155,"column":62}},"33":{"start":{"line":157,"column":2},"end":{"line":159,"column":3}},"34":{"start":{"line":158,"column":4},"end":{"line":158,"column":16}},"35":{"start":{"line":162,"column":18},"end":{"line":166,"column":4}},"36":{"start":{"line":169,"column":2},"end":{"line":169,"column":60}},"37":{"start":{"line":172,"column":2},"end":{"line":188,"column":5}},"38":{"start":{"line":190,"column":2},"end":{"line":190,"column":17}},"39":{"start":{"line":151,"column":13},"end":{"line":151,"column":33}},"40":{"start":{"line":193,"column":30},"end":{"line":215,"column":1}},"41":{"start":{"line":196,"column":17},"end":{"line":196,"column":44}},"42":{"start":{"line":197,"column":16},"end":{"line":197,"column":73}},"43":{"start":{"line":197,"column":35},"end":{"line":197,"column":72}},"44":{"start":{"line":199,"column":2},"end":{"line":204,"column":3}},"45":{"start":{"line":200,"column":4},"end":{"line":203,"column":6}},"46":{"start":{"line":206,"column":2},"end":{"line":214,"column":4}},"47":{"start":{"line":193,"column":13},"end":{"line":193,"column":30}}},"fnMap":{"0":{"name":"(anonymous_9)","decl":{"start":{"line":21,"column":35},"end":{"line":21,"column":36}},"loc":{"start":{"line":21,"column":79},"end":{"line":110,"column":1}}},"1":{"name":"(anonymous_10)","decl":{"start":{"line":24,"column":35},"end":{"line":24,"column":36}},"loc":{"start":{"line":24,"column":42},"end":{"line":24,"column":63}}},"2":{"name":"(anonymous_11)","decl":{"start":{"line":92,"column":41},"end":{"line":92,"column":42}},"loc":{"start":{"line":92,"column":50},"end":{"line":95,"column":8}}},"3":{"name":"(anonymous_12)","decl":{"start":{"line":112,"column":33},"end":{"line":112,"column":null}},"loc":{"start":{"line":115,"column":32},"end":{"line":149,"column":1}}},"4":{"name":"(anonymous_13)","decl":{"start":{"line":151,"column":33},"end":{"line":151,"column":null}},"loc":{"start":{"line":154,"column":32},"end":{"line":191,"column":1}}},"5":{"name":"(anonymous_14)","decl":{"start":{"line":193,"column":30},"end":{"line":193,"column":null}},"loc":{"start":{"line":195,"column":68},"end":{"line":215,"column":1}}},"6":{"name":"(anonymous_15)","decl":{"start":{"line":197,"column":28},"end":{"line":197,"column":29}},"loc":{"start":{"line":197,"column":35},"end":{"line":197,"column":72}}}},"branchMap":{"0":{"loc":{"start":{"line":26,"column":2},"end":{"line":28,"column":3}},"type":"if","locations":[{"start":{"line":26,"column":2},"end":{"line":28,"column":3}},{"start":{},"end":{}}]},"1":{"loc":{"start":{"line":26,"column":6},"end":{"line":26,"column":35}},"type":"binary-expr","locations":[{"start":{"line":26,"column":6},"end":{"line":26,"column":14}},{"start":{"line":26,"column":18},"end":{"line":26,"column":26}},{"start":{"line":26,"column":30},"end":{"line":26,"column":35}}]},"2":{"loc":{"start":{"line":118,"column":2},"end":{"line":120,"column":3}},"type":"if","locations":[{"start":{"line":118,"column":2},"end":{"line":120,"column":3}},{"start":{},"end":{}}]},"3":{"loc":{"start":{"line":157,"column":2},"end":{"line":159,"column":3}},"type":"if","locations":[{"start":{"line":157,"column":2},"end":{"line":159,"column":3}},{"start":{},"end":{}}]},"4":{"loc":{"start":{"line":199,"column":2},"end":{"line":204,"column":3}},"type":"if","locations":[{"start":{"line":199,"column":2},"end":{"line":204,"column":3}},{"start":{},"end":{}}]}},"s":{"0":1,"1":1,"2":1,"3":1,"4":1,"5":1,"6":1,"7":1,"8":1,"9":7,"10":7,"11":7,"12":6,"13":7,"14":2,"15":5,"16":5,"17":5,"18":5,"19":5,"20":5,"21":1,"22":1,"23":0,"24":0,"25":0,"26":0,"27":0,"28":0,"29":0,"30":1,"31":1,"32":1,"33":1,"34":0,"35":1,"36":1,"37":1,"38":1,"39":1,"40":1,"41":2,"42":2,"43":1,"44":2,"45":1,"46":1,"47":1},"f":{"0":7,"1":6,"2":5,"3":0,"4":1,"5":2,"6":1},"b":{"0":[2,5],"1":[7,6,5],"2":[0,0],"3":[0,1],"4":[1,1]}}
,"C:\\Repo\\Tele\\services\\practiceq.ts": {"path":"C:\\Repo\\Tele\\services\\practiceq.ts","statementMap":{"0":{"start":{"line":10,"column":0},"end":{"line":10,"column":31}},"1":{"start":{"line":11,"column":0},"end":{"line":11,"column":41}},"2":{"start":{"line":13,"column":21},"end":{"line":13,"column":52}},"3":{"start":{"line":14,"column":16},"end":{"line":14,"column":40}},"4":{"start":{"line":16,"column":34},"end":{"line":71,"column":1}},"5":{"start":{"line":18,"column":18},"end":{"line":18,"column":55}},"6":{"start":{"line":19,"column":18},"end":{"line":19,"column":55}},"7":{"start":{"line":20,"column":18},"end":{"line":20,"column":50}},"8":{"start":{"line":21,"column":18},"end":{"line":21,"column":51}},"9":{"start":{"line":22,"column":18},"end":{"line":22,"column":50}},"10":{"start":{"line":24,"column":2},"end":{"line":26,"column":3}},"11":{"start":{"line":25,"column":4},"end":{"line":25,"column":52}},"12":{"start":{"line":29,"column":40},"end":{"line":46,"column":4}},"13":{"start":{"line":43,"column":34},"end":{"line":43,"column":55}},"14":{"start":{"line":49,"column":16},"end":{"line":49,"column":45}},"15":{"start":{"line":52,"column":2},"end":{"line":68,"column":5}},"16":{"start":{"line":70,"column":2},"end":{"line":70,"column":15}},"17":{"start":{"line":16,"column":13},"end":{"line":16,"column":34}},"18":{"start":{"line":73,"column":31},"end":{"line":100,"column":1}},"19":{"start":{"line":76,"column":17},"end":{"line":76,"column":51}},"20":{"start":{"line":78,"column":2},"end":{"line":84,"column":3}},"21":{"start":{"line":79,"column":4},"end":{"line":83,"column":6}},"22":{"start":{"line":89,"column":2},"end":{"line":94,"column":3}},"23":{"start":{"line":91,"column":4},"end":{"line":93,"column":13}},"24":{"start":{"line":92,"column":6},"end":{"line":92,"column":64}},"25":{"start":{"line":96,"column":2},"end":{"line":99,"column":4}},"26":{"start":{"line":73,"column":13},"end":{"line":73,"column":31}},"27":{"start":{"line":102,"column":38},"end":{"line":110,"column":1}},"28":{"start":{"line":103,"column":17},"end":{"line":103,"column":51}},"29":{"start":{"line":104,"column":2},"end":{"line":109,"column":3}},"30":{"start":{"line":105,"column":4},"end":{"line":108,"column":7}},"31":{"start":{"line":102,"column":13},"end":{"line":102,"column":38}}},"fnMap":{"0":{"name":"(anonymous_9)","decl":{"start":{"line":16,"column":34},"end":{"line":16,"column":35}},"loc":{"start":{"line":16,"column":80},"end":{"line":71,"column":1}}},"1":{"name":"(anonymous_10)","decl":{"start":{"line":43,"column":27},"end":{"line":43,"column":28}},"loc":{"start":{"line":43,"column":34},"end":{"line":43,"column":55}}},"2":{"name":"(anonymous_11)","decl":{"start":{"line":73,"column":31},"end":{"line":73,"column":null}},"loc":{"start":{"line":75,"column":59},"end":{"line":100,"column":1}}},"3":{"name":"(anonymous_12)","decl":{"start":{"line":91,"column":15},"end":{"line":91,"column":18}},"loc":{"start":{"line":91,"column":20},"end":{"line":93,"column":5}}},"4":{"name":"(anonymous_13)","decl":{"start":{"line":102,"column":38},"end":{"line":102,"column":39}},"loc":{"start":{"line":102,"column":64},"end":{"line":110,"column":1}}}},"branchMap":{"0":{"loc":{"start":{"line":24,"column":2},"end":{"line":26,"column":3}},"type":"if","locations":[{"start":{"line":24,"column":2},"end":{"line":26,"column":3}},{"start":{},"end":{}}]},"1":{"loc":{"start":{"line":24,"column":6},"end":{"line":24,"column":26}},"type":"binary-expr","locations":[{"start":{"line":24,"column":6},"end":{"line":24,"column":14}},{"start":{"line":24,"column":18},"end":{"line":24,"column":26}}]},"2":{"loc":{"start":{"line":39,"column":21},"end":{"line":39,"column":34}},"type":"binary-expr","locations":[{"start":{"line":39,"column":21},"end":{"line":39,"column":28}},{"start":{"line":39,"column":32},"end":{"line":39,"column":34}}]},"3":{"loc":{"start":{"line":43,"column":8},"end":{"line":44,"column":17}},"type":"binary-expr","locations":[{"start":{"line":43,"column":8},"end":{"line":43,"column":63}},{"start":{"line":44,"column":8},"end":{"line":44,"column":17}}]},"4":{"loc":{"start":{"line":78,"column":2},"end":{"line":84,"column":3}},"type":"if","locations":[{"start":{"line":78,"column":2},"end":{"line":84,"column":3}},{"start":{},"end":{}}]},"5":{"loc":{"start":{"line":89,"column":2},"end":{"line":94,"column":3}},"type":"if","locations":[{"start":{"line":89,"column":2},"end":{"line":94,"column":3}},{"start":{},"end":{}}]},"6":{"loc":{"start":{"line":98,"column":14},"end":{"line":98,"column":59}},"type":"binary-expr","locations":[{"start":{"line":98,"column":14},"end":{"line":98,"column":31}},{"start":{"line":98,"column":35},"end":{"line":98,"column":59}}]},"7":{"loc":{"start":{"line":104,"column":2},"end":{"line":109,"column":3}},"type":"if","locations":[{"start":{"line":104,"column":2},"end":{"line":109,"column":3}},{"start":{},"end":{}}]}},"s":{"0":1,"1":1,"2":1,"3":1,"4":1,"5":6,"6":6,"7":6,"8":6,"9":6,"10":6,"11":2,"12":4,"13":4,"14":4,"15":4,"16":4,"17":1,"18":1,"19":2,"20":2,"21":1,"22":1,"23":1,"24":0,"25":1,"26":1,"27":1,"28":0,"29":0,"30":0,"31":1},"f":{"0":6,"1":4,"2":2,"3":0,"4":0},"b":{"0":[2,4],"1":[6,5],"2":[4,4],"3":[4,0],"4":[1,1],"5":[1,0],"6":[1,0],"7":[0,0]}}
,"C:\\Repo\\Tele\\services\\quickbooks.ts": {"path":"C:\\Repo\\Tele\\services\\quickbooks.ts","statementMap":{"0":{"start":{"line":10,"column":0},"end":{"line":10,"column":31}},"1":{"start":{"line":11,"column":0},"end":{"line":11,"column":57}},"2":{"start":{"line":13,"column":21},"end":{"line":13,"column":61}},"3":{"start":{"line":14,"column":16},"end":{"line":14,"column":44}},"4":{"start":{"line":16,"column":36},"end":{"line":40,"column":1}},"5":{"start":{"line":18,"column":21},"end":{"line":18,"column":46}},"6":{"start":{"line":21,"column":2},"end":{"line":37,"column":5}},"7":{"start":{"line":39,"column":2},"end":{"line":39,"column":20}},"8":{"start":{"line":16,"column":13},"end":{"line":16,"column":36}},"9":{"start":{"line":42,"column":29},"end":{"line":103,"column":1}},"10":{"start":{"line":46,"column":18},"end":{"line":46,"column":55}},"11":{"start":{"line":47,"column":18},"end":{"line":47,"column":55}},"12":{"start":{"line":48,"column":15},"end":{"line":48,"column":64}},"13":{"start":{"line":48,"column":42},"end":{"line":48,"column":63}},"14":{"start":{"line":50,"column":2},"end":{"line":52,"column":3}},"15":{"start":{"line":51,"column":4},"end":{"line":51,"column":42}},"16":{"start":{"line":55,"column":24},"end":{"line":55,"column":64}},"17":{"start":{"line":56,"column":20},"end":{"line":56,"column":32}},"18":{"start":{"line":59,"column":43},"end":{"line":70,"column":4}},"19":{"start":{"line":72,"column":2},"end":{"line":72,"column":35}},"20":{"start":{"line":75,"column":2},"end":{"line":100,"column":5}},"21":{"start":{"line":102,"column":2},"end":{"line":102,"column":19}},"22":{"start":{"line":42,"column":13},"end":{"line":42,"column":29}},"23":{"start":{"line":105,"column":29},"end":{"line":138,"column":1}},"24":{"start":{"line":107,"column":18},"end":{"line":107,"column":42}},"25":{"start":{"line":108,"column":17},"end":{"line":108,"column":63}},"26":{"start":{"line":108,"column":37},"end":{"line":108,"column":62}},"27":{"start":{"line":110,"column":2},"end":{"line":112,"column":3}},"28":{"start":{"line":111,"column":4},"end":{"line":111,"column":41}},"29":{"start":{"line":115,"column":2},"end":{"line":118,"column":5}},"30":{"start":{"line":121,"column":2},"end":{"line":137,"column":5}},"31":{"start":{"line":105,"column":13},"end":{"line":105,"column":29}},"32":{"start":{"line":140,"column":36},"end":{"line":164,"column":1}},"33":{"start":{"line":147,"column":19},"end":{"line":147,"column":40}},"34":{"start":{"line":148,"column":17},"end":{"line":148,"column":36}},"35":{"start":{"line":150,"column":23},"end":{"line":152,"column":42}},"36":{"start":{"line":151,"column":19},"end":{"line":151,"column":43}},"37":{"start":{"line":152,"column":24},"end":{"line":152,"column":38}},"38":{"start":{"line":154,"column":21},"end":{"line":154,"column":76}},"39":{"start":{"line":154,"column":44},"end":{"line":154,"column":68}},"40":{"start":{"line":155,"column":26},"end":{"line":155,"column":84}},"41":{"start":{"line":155,"column":47},"end":{"line":155,"column":76}},"42":{"start":{"line":157,"column":2},"end":{"line":163,"column":4}},"43":{"start":{"line":140,"column":13},"end":{"line":140,"column":36}}},"fnMap":{"0":{"name":"(anonymous_9)","decl":{"start":{"line":16,"column":36},"end":{"line":16,"column":37}},"loc":{"start":{"line":16,"column":71},"end":{"line":40,"column":1}}},"1":{"name":"(anonymous_10)","decl":{"start":{"line":42,"column":29},"end":{"line":42,"column":null}},"loc":{"start":{"line":45,"column":12},"end":{"line":103,"column":1}}},"2":{"name":"(anonymous_11)","decl":{"start":{"line":48,"column":35},"end":{"line":48,"column":36}},"loc":{"start":{"line":48,"column":42},"end":{"line":48,"column":63}}},"3":{"name":"(anonymous_12)","decl":{"start":{"line":105,"column":29},"end":{"line":105,"column":30}},"loc":{"start":{"line":105,"column":73},"end":{"line":138,"column":1}}},"4":{"name":"(anonymous_13)","decl":{"start":{"line":108,"column":30},"end":{"line":108,"column":31}},"loc":{"start":{"line":108,"column":37},"end":{"line":108,"column":62}}},"5":{"name":"(anonymous_14)","decl":{"start":{"line":140,"column":36},"end":{"line":140,"column":null}},"loc":{"start":{"line":146,"column":4},"end":{"line":164,"column":1}}},"6":{"name":"(anonymous_15)","decl":{"start":{"line":151,"column":12},"end":{"line":151,"column":13}},"loc":{"start":{"line":151,"column":19},"end":{"line":151,"column":43}}},"7":{"name":"(anonymous_16)","decl":{"start":{"line":152,"column":12},"end":{"line":152,"column":13}},"loc":{"start":{"line":152,"column":24},"end":{"line":152,"column":38}}},"8":{"name":"(anonymous_17)","decl":{"start":{"line":154,"column":37},"end":{"line":154,"column":38}},"loc":{"start":{"line":154,"column":44},"end":{"line":154,"column":68}}},"9":{"name":"(anonymous_18)","decl":{"start":{"line":155,"column":40},"end":{"line":155,"column":41}},"loc":{"start":{"line":155,"column":47},"end":{"line":155,"column":76}}}},"branchMap":{"0":{"loc":{"start":{"line":50,"column":2},"end":{"line":52,"column":3}},"type":"if","locations":[{"start":{"line":50,"column":2},"end":{"line":52,"column":3}},{"start":{},"end":{}}]},"1":{"loc":{"start":{"line":50,"column":6},"end":{"line":50,"column":35}},"type":"binary-expr","locations":[{"start":{"line":50,"column":6},"end":{"line":50,"column":14}},{"start":{"line":50,"column":18},"end":{"line":50,"column":26}},{"start":{"line":50,"column":30},"end":{"line":50,"column":35}}]},"2":{"loc":{"start":{"line":110,"column":2},"end":{"line":112,"column":3}},"type":"if","locations":[{"start":{"line":110,"column":2},"end":{"line":112,"column":3}},{"start":{},"end":{}}]},"3":{"loc":{"start":{"line":162,"column":23},"end":{"line":162,"column":69}},"type":"cond-expr","locations":[{"start":{"line":162,"column":40},"end":{"line":162,"column":65}},{"start":{"line":162,"column":68},"end":{"line":162,"column":69}}]}},"s":{"0":1,"1":1,"2":1,"3":1,"4":1,"5":2,"6":2,"7":2,"8":1,"9":1,"10":4,"11":4,"12":4,"13":4,"14":4,"15":1,"16":3,"17":3,"18":3,"19":3,"20":3,"21":3,"22":1,"23":1,"24":1,"25":1,"26":1,"27":1,"28":0,"29":1,"30":1,"31":1,"32":1,"33":0,"34":0,"35":0,"36":0,"37":0,"38":0,"39":0,"40":0,"41":0,"42":0,"43":1},"f":{"0":2,"1":4,"2":4,"3":1,"4":1,"5":0,"6":0,"7":0,"8":0,"9":0},"b":{"0":[1,3],"1":[4,3,3],"2":[0,1],"3":[0,0]}}
,"C:\\Repo\\Tele\\services\\spruce.ts": {"path":"C:\\Repo\\Tele\\services\\spruce.ts","statementMap":{"0":{"start":{"line":10,"column":0},"end":{"line":10,"column":31}},"1":{"start":{"line":11,"column":0},"end":{"line":11,"column":41}},"2":{"start":{"line":13,"column":21},"end":{"line":13,"column":49}},"3":{"start":{"line":14,"column":16},"end":{"line":14,"column":43}},"4":{"start":{"line":16,"column":27},"end":{"line":70,"column":1}},"5":{"start":{"line":21,"column":18},"end":{"line":21,"column":49}},"6":{"start":{"line":22,"column":19},"end":{"line":22,"column":61}},"7":{"start":{"line":24,"column":2},"end":{"line":26,"column":3}},"8":{"start":{"line":25,"column":4},"end":{"line":25,"column":53}},"9":{"start":{"line":29,"column":20},"end":{"line":29,"column":33}},"10":{"start":{"line":30,"column":2},"end":{"line":32,"column":5}},"11":{"start":{"line":31,"column":4},"end":{"line":31,"column":59}},"12":{"start":{"line":35,"column":39},"end":{"line":45,"column":4}},"13":{"start":{"line":47,"column":16},"end":{"line":47,"column":43}},"14":{"start":{"line":50,"column":2},"end":{"line":67,"column":5}},"15":{"start":{"line":69,"column":2},"end":{"line":69,"column":15}},"16":{"start":{"line":16,"column":13},"end":{"line":16,"column":27}},"17":{"start":{"line":72,"column":31},"end":{"line":127,"column":1}},"18":{"start":{"line":78,"column":18},"end":{"line":78,"column":49}},"19":{"start":{"line":79,"column":19},"end":{"line":79,"column":61}},"20":{"start":{"line":81,"column":2},"end":{"line":83,"column":3}},"21":{"start":{"line":82,"column":4},"end":{"line":82,"column":53}},"22":{"start":{"line":86,"column":20},"end":{"line":86,"column":33}},"23":{"start":{"line":87,"column":2},"end":{"line":89,"column":5}},"24":{"start":{"line":88,"column":4},"end":{"line":88,"column":59}},"25":{"start":{"line":92,"column":39},"end":{"line":102,"column":4}},"26":{"start":{"line":104,"column":16},"end":{"line":104,"column":43}},"27":{"start":{"line":107,"column":2},"end":{"line":124,"column":5}},"28":{"start":{"line":126,"column":2},"end":{"line":126,"column":15}},"29":{"start":{"line":72,"column":13},"end":{"line":72,"column":31}},"30":{"start":{"line":129,"column":32},"end":{"line":152,"column":1}},"31":{"start":{"line":134,"column":42},"end":{"line":134,"column":44}},"32":{"start":{"line":136,"column":2},"end":{"line":149,"column":5}},"33":{"start":{"line":137,"column":18},"end":{"line":137,"column":45}},"34":{"start":{"line":138,"column":4},"end":{"line":148,"column":5}},"35":{"start":{"line":139,"column":6},"end":{"line":147,"column":7}},"36":{"start":{"line":140,"column":24},"end":{"line":143,"column":10}},"37":{"start":{"line":144,"column":8},"end":{"line":144,"column":31}},"38":{"start":{"line":146,"column":8},"end":{"line":146,"column":77}},"39":{"start":{"line":151,"column":2},"end":{"line":151,"column":18}},"40":{"start":{"line":129,"column":13},"end":{"line":129,"column":32}},"41":{"start":{"line":154,"column":32},"end":{"line":157,"column":1}},"42":{"start":{"line":155,"column":19},"end":{"line":155,"column":39}},"43":{"start":{"line":156,"column":2},"end":{"line":156,"column":58}},"44":{"start":{"line":156,"column":30},"end":{"line":156,"column":48}},"45":{"start":{"line":154,"column":13},"end":{"line":154,"column":32}},"46":{"start":{"line":159,"column":34},"end":{"line":163,"column":1}},"47":{"start":{"line":162,"column":2},"end":{"line":162,"column":45}},"48":{"start":{"line":159,"column":13},"end":{"line":159,"column":34}},"49":{"start":{"line":165,"column":39},"end":{"line":184,"column":1}},"50":{"start":{"line":169,"column":16},"end":{"line":169,"column":43}},"51":{"start":{"line":170,"column":2},"end":{"line":172,"column":3}},"52":{"start":{"line":171,"column":4},"end":{"line":171,"column":39}},"53":{"start":{"line":174,"column":23},"end":{"line":176,"column":17}},"54":{"start":{"line":178,"column":2},"end":{"line":183,"column":4}},"55":{"start":{"line":165,"column":13},"end":{"line":165,"column":39}},"56":{"start":{"line":186,"column":35},"end":{"line":188,"column":1}},"57":{"start":{"line":187,"column":2},"end":{"line":187,"column":39}},"58":{"start":{"line":186,"column":13},"end":{"line":186,"column":35}},"59":{"start":{"line":190,"column":37},"end":{"line":213,"column":1}},"60":{"start":{"line":194,"column":19},"end":{"line":194,"column":64}},"61":{"start":{"line":196,"column":2},"end":{"line":210,"column":3}},"62":{"start":{"line":198,"column":4},"end":{"line":209,"column":7}},"63":{"start":{"line":212,"column":2},"end":{"line":212,"column":18}},"64":{"start":{"line":190,"column":13},"end":{"line":190,"column":37}}},"fnMap":{"0":{"name":"(anonymous_9)","decl":{"start":{"line":16,"column":27},"end":{"line":16,"column":null}},"loc":{"start":{"line":20,"column":25},"end":{"line":70,"column":1}}},"1":{"name":"(anonymous_10)","decl":{"start":{"line":30,"column":36},"end":{"line":30,"column":37}},"loc":{"start":{"line":30,"column":53},"end":{"line":32,"column":3}}},"2":{"name":"(anonymous_11)","decl":{"start":{"line":72,"column":31},"end":{"line":72,"column":null}},"loc":{"start":{"line":77,"column":25},"end":{"line":127,"column":1}}},"3":{"name":"(anonymous_12)","decl":{"start":{"line":87,"column":36},"end":{"line":87,"column":37}},"loc":{"start":{"line":87,"column":53},"end":{"line":89,"column":3}}},"4":{"name":"(anonymous_13)","decl":{"start":{"line":129,"column":32},"end":{"line":129,"column":null}},"loc":{"start":{"line":133,"column":27},"end":{"line":152,"column":1}}},"5":{"name":"(anonymous_14)","decl":{"start":{"line":136,"column":19},"end":{"line":136,"column":20}},"loc":{"start":{"line":136,"column":31},"end":{"line":149,"column":3}}},"6":{"name":"(anonymous_15)","decl":{"start":{"line":154,"column":32},"end":{"line":154,"column":33}},"loc":{"start":{"line":154,"column":82},"end":{"line":157,"column":1}}},"7":{"name":"(anonymous_16)","decl":{"start":{"line":156,"column":23},"end":{"line":156,"column":24}},"loc":{"start":{"line":156,"column":30},"end":{"line":156,"column":48}}},"8":{"name":"(anonymous_17)","decl":{"start":{"line":159,"column":34},"end":{"line":159,"column":null}},"loc":{"start":{"line":161,"column":27},"end":{"line":163,"column":1}}},"9":{"name":"(anonymous_18)","decl":{"start":{"line":165,"column":39},"end":{"line":165,"column":null}},"loc":{"start":{"line":168,"column":25},"end":{"line":184,"column":1}}},"10":{"name":"(anonymous_19)","decl":{"start":{"line":186,"column":35},"end":{"line":186,"column":63}},"loc":{"start":{"line":186,"column":65},"end":{"line":188,"column":1}}},"11":{"name":"(anonymous_20)","decl":{"start":{"line":190,"column":37},"end":{"line":190,"column":null}},"loc":{"start":{"line":193,"column":34},"end":{"line":213,"column":1}}}},"branchMap":{"0":{"loc":{"start":{"line":19,"column":2},"end":{"line":19,"column":40}},"type":"default-arg","locations":[{"start":{"line":19,"column":38},"end":{"line":19,"column":40}}]},"1":{"loc":{"start":{"line":24,"column":2},"end":{"line":26,"column":3}},"type":"if","locations":[{"start":{"line":24,"column":2},"end":{"line":26,"column":3}},{"start":{},"end":{}}]},"2":{"loc":{"start":{"line":24,"column":6},"end":{"line":24,"column":27}},"type":"binary-expr","locations":[{"start":{"line":24,"column":6},"end":{"line":24,"column":14}},{"start":{"line":24,"column":18},"end":{"line":24,"column":27}}]},"3":{"loc":{"start":{"line":37,"column":13},"end":{"line":37,"column":36}},"type":"binary-expr","locations":[{"start":{"line":37,"column":13},"end":{"line":37,"column":30}},{"start":{"line":37,"column":34},"end":{"line":37,"column":36}}]},"4":{"loc":{"start":{"line":56,"column":13},"end":{"line":56,"column":43}},"type":"binary-expr","locations":[{"start":{"line":56,"column":13},"end":{"line":56,"column":30}},{"start":{"line":56,"column":34},"end":{"line":56,"column":43}}]},"5":{"loc":{"start":{"line":76,"column":2},"end":{"line":76,"column":40}},"type":"default-arg","locations":[{"start":{"line":76,"column":38},"end":{"line":76,"column":40}}]},"6":{"loc":{"start":{"line":81,"column":2},"end":{"line":83,"column":3}},"type":"if","locations":[{"start":{"line":81,"column":2},"end":{"line":83,"column":3}},{"start":{},"end":{}}]},"7":{"loc":{"start":{"line":81,"column":6},"end":{"line":81,"column":27}},"type":"binary-expr","locations":[{"start":{"line":81,"column":6},"end":{"line":81,"column":14}},{"start":{"line":81,"column":18},"end":{"line":81,"column":27}}]},"8":{"loc":{"start":{"line":94,"column":13},"end":{"line":94,"column":36}},"type":"binary-expr","locations":[{"start":{"line":94,"column":13},"end":{"line":94,"column":30}},{"start":{"line":94,"column":34},"end":{"line":94,"column":36}}]},"9":{"loc":{"start":{"line":113,"column":13},"end":{"line":113,"column":43}},"type":"binary-expr","locations":[{"start":{"line":113,"column":13},"end":{"line":113,"column":30}},{"start":{"line":113,"column":34},"end":{"line":113,"column":43}}]},"10":{"loc":{"start":{"line":138,"column":4},"end":{"line":148,"column":5}},"type":"if","locations":[{"start":{"line":138,"column":4},"end":{"line":148,"column":5}},{"start":{},"end":{}}]},"11":{"loc":{"start":{"line":156,"column":9},"end":{"line":156,"column":57}},"type":"binary-expr","locations":[{"start":{"line":156,"column":9},"end":{"line":156,"column":49}},{"start":{"line":156,"column":53},"end":{"line":156,"column":57}}]},"12":{"loc":{"start":{"line":167,"column":2},"end":{"line":167,"column":26}},"type":"default-arg","locations":[{"start":{"line":167,"column":24},"end":{"line":167,"column":26}}]},"13":{"loc":{"start":{"line":170,"column":2},"end":{"line":172,"column":3}},"type":"if","locations":[{"start":{"line":170,"column":2},"end":{"line":172,"column":3}},{"start":{},"end":{}}]},"14":{"loc":{"start":{"line":196,"column":2},"end":{"line":210,"column":3}},"type":"if","locations":[{"start":{"line":196,"column":2},"end":{"line":210,"column":3}},{"start":{},"end":{}}]}},"s":{"0":1,"1":1,"2":1,"3":1,"4":1,"5":4,"6":4,"7":4,"8":2,"9":2,"10":2,"11":2,"12":2,"13":2,"14":2,"15":2,"16":1,"17":1,"18":1,"19":1,"20":1,"21":0,"22":1,"23":1,"24":1,"25":1,"26":1,"27":1,"28":1,"29":1,"30":1,"31":0,"32":0,"33":0,"34":0,"35":0,"36":0,"37":0,"38":0,"39":0,"40":1,"41":1,"42":0,"43":0,"44":0,"45":1,"46":1,"47":0,"48":1,"49":1,"50":0,"51":0,"52":0,"53":0,"54":0,"55":1,"56":1,"57":1,"58":1,"59":1,"60":0,"61":0,"62":0,"63":0,"64":1},"f":{"0":4,"1":2,"2":1,"3":1,"4":0,"5":0,"6":0,"7":0,"8":0,"9":0,"10":1,"11":0},"b":{"0":[2],"1":[2,2],"2":[4,3],"3":[2,0],"4":[2,0],"5":[0],"6":[0,1],"7":[1,1],"8":[1,0],"9":[1,0],"10":[0,0],"11":[0,0],"12":[0],"13":[0,0],"14":[0,0]}}
}
