TN:
SF:lib\db.ts
FN:24,(anonymous_0)
FN:35,(anonymous_1)
FN:42,(anonymous_2)
FN:43,(anonymous_3)
FN:45,(anonymous_4)
FN:47,(anonymous_5)
FN:49,(anonymous_6)
FN:51,(anonymous_7)
FN:57,(anonymous_8)
FN:59,(anonymous_9)
FN:69,(anonymous_10)
FN:70,(anonymous_11)
FN:72,(anonymous_12)
FN:74,(anonymous_13)
FN:75,(anonymous_14)
FN:77,(anonymous_15)
FN:83,(anonymous_16)
FN:85,(anonymous_17)
FN:91,(anonymous_18)
FN:93,(anonymous_19)
FN:102,(anonymous_20)
FN:103,(anonymous_21)
FN:105,(anonymous_22)
FN:107,(anonymous_23)
FN:108,(anonymous_24)
FN:110,(anonymous_25)
FN:111,(anonymous_26)
FN:113,(anonymous_27)
FN:119,(anonymous_28)
FN:121,(anonymous_29)
FN:131,(anonymous_30)
FN:132,(anonymous_31)
FN:134,(anonymous_32)
FN:136,(anonymous_33)
FN:138,(anonymous_34)
FN:140,(anonymous_35)
FN:146,(anonymous_36)
FN:148,(anonymous_37)
FN:158,(anonymous_38)
FN:159,(anonymous_39)
FN:160,(anonymous_40)
FN:162,(anonymous_41)
FN:168,(anonymous_42)
FN:170,(anonymous_43)
FN:176,(anonymous_44)
FN:178,(anonymous_45)
FN:187,(anonymous_46)
FN:189,(anonymous_47)
FN:190,(anonymous_48)
FN:192,(anonymous_49)
FN:202,(anonymous_50)
FN:204,(anonymous_51)
FN:206,(anonymous_52)
FN:208,(anonymous_53)
FN:218,(anonymous_54)
FN:219,(anonymous_55)
FN:220,(anonymous_56)
FN:222,(anonymous_57)
FN:227,(anonymous_58)
FN:231,(anonymous_59)
FN:241,(anonymous_60)
FN:243,(anonymous_61)
FN:245,(anonymous_62)
FN:247,(anonymous_63)
FN:253,(anonymous_64)
FN:255,(anonymous_65)
FN:265,(anonymous_66)
FN:267,(anonymous_67)
FN:269,(anonymous_68)
FN:271,(anonymous_69)
FN:277,(anonymous_70)
FN:279,(anonymous_71)
FN:289,(anonymous_72)
FN:291,(anonymous_73)
FN:293,(anonymous_74)
FN:295,(anonymous_75)
FN:301,(anonymous_76)
FN:303,(anonymous_77)
FN:313,(anonymous_78)
FN:315,(anonymous_79)
FN:316,(anonymous_80)
FN:318,(anonymous_81)
FN:319,(anonymous_82)
FN:321,(anonymous_83)
FN:327,(anonymous_84)
FN:329,(anonymous_85)
FN:339,(anonymous_86)
FN:341,(anonymous_87)
FN:351,(anonymous_88)
FN:354,(anonymous_89)
FN:362,(anonymous_90)
FN:392,(anonymous_91)
FN:394,(anonymous_92)
FN:396,(anonymous_93)
FN:398,(anonymous_94)
FN:404,(anonymous_95)
FN:406,(anonymous_96)
FN:416,(anonymous_97)
FN:418,(anonymous_98)
FN:420,(anonymous_99)
FN:422,(anonymous_100)
FN:428,(anonymous_101)
FN:430,(anonymous_102)
FN:439,(anonymous_103)
FN:441,(anonymous_104)
FNF:105
FNH:66
FNDA:279,(anonymous_0)
FNDA:151,(anonymous_1)
FNDA:66,(anonymous_2)
FNDA:27,(anonymous_3)
FNDA:26,(anonymous_4)
FNDA:3,(anonymous_5)
FNDA:2,(anonymous_6)
FNDA:33,(anonymous_7)
FNDA:1,(anonymous_8)
FNDA:1,(anonymous_9)
FNDA:37,(anonymous_10)
FNDA:17,(anonymous_11)
FNDA:17,(anonymous_12)
FNDA:0,(anonymous_13)
FNDA:0,(anonymous_14)
FNDA:20,(anonymous_15)
FNDA:0,(anonymous_16)
FNDA:0,(anonymous_17)
FNDA:0,(anonymous_18)
FNDA:0,(anonymous_19)
FNDA:73,(anonymous_20)
FNDA:26,(anonymous_21)
FNDA:27,(anonymous_22)
FNDA:3,(anonymous_23)
FNDA:8,(anonymous_24)
FNDA:1,(anonymous_25)
FNDA:2,(anonymous_26)
FNDA:38,(anonymous_27)
FNDA:5,(anonymous_28)
FNDA:4,(anonymous_29)
FNDA:3,(anonymous_30)
FNDA:0,(anonymous_31)
FNDA:0,(anonymous_32)
FNDA:0,(anonymous_33)
FNDA:0,(anonymous_34)
FNDA:2,(anonymous_35)
FNDA:1,(anonymous_36)
FNDA:1,(anonymous_37)
FNDA:0,(anonymous_38)
FNDA:0,(anonymous_39)
FNDA:0,(anonymous_40)
FNDA:0,(anonymous_41)
FNDA:0,(anonymous_42)
FNDA:0,(anonymous_43)
FNDA:0,(anonymous_44)
FNDA:0,(anonymous_45)
FNDA:6,(anonymous_46)
FNDA:6,(anonymous_47)
FNDA:0,(anonymous_48)
FNDA:0,(anonymous_49)
FNDA:6,(anonymous_50)
FNDA:6,(anonymous_51)
FNDA:0,(anonymous_52)
FNDA:0,(anonymous_53)
FNDA:6,(anonymous_54)
FNDA:6,(anonymous_55)
FNDA:0,(anonymous_56)
FNDA:0,(anonymous_57)
FNDA:0,(anonymous_58)
FNDA:0,(anonymous_59)
FNDA:11,(anonymous_60)
FNDA:3,(anonymous_61)
FNDA:3,(anonymous_62)
FNDA:5,(anonymous_63)
FNDA:1,(anonymous_64)
FNDA:1,(anonymous_65)
FNDA:7,(anonymous_66)
FNDA:3,(anonymous_67)
FNDA:2,(anonymous_68)
FNDA:4,(anonymous_69)
FNDA:0,(anonymous_70)
FNDA:0,(anonymous_71)
FNDA:7,(anonymous_72)
FNDA:2,(anonymous_73)
FNDA:2,(anonymous_74)
FNDA:3,(anonymous_75)
FNDA:1,(anonymous_76)
FNDA:1,(anonymous_77)
FNDA:4,(anonymous_78)
FNDA:1,(anonymous_79)
FNDA:1,(anonymous_80)
FNDA:0,(anonymous_81)
FNDA:0,(anonymous_82)
FNDA:3,(anonymous_83)
FNDA:0,(anonymous_84)
FNDA:0,(anonymous_85)
FNDA:27,(anonymous_86)
FNDA:21,(anonymous_87)
FNDA:0,(anonymous_88)
FNDA:0,(anonymous_89)
FNDA:0,(anonymous_90)
FNDA:13,(anonymous_91)
FNDA:5,(anonymous_92)
FNDA:5,(anonymous_93)
FNDA:7,(anonymous_94)
FNDA:0,(anonymous_95)
FNDA:0,(anonymous_96)
FNDA:13,(anonymous_97)
FNDA:6,(anonymous_98)
FNDA:5,(anonymous_99)
FNDA:4,(anonymous_100)
FNDA:3,(anonymous_101)
FNDA:3,(anonymous_102)
FNDA:0,(anonymous_103)
FNDA:0,(anonymous_104)
DA:4,6
DA:24,6
DA:25,279
DA:26,279
DA:27,279
DA:28,124
DA:29,124
DA:31,0
DA:35,6
DA:36,151
DA:37,151
DA:41,6
DA:42,66
DA:44,27
DA:45,27
DA:48,3
DA:49,3
DA:52,33
DA:53,33
DA:54,33
DA:55,33
DA:58,1
DA:59,1
DA:60,1
DA:61,1
DA:62,1
DA:63,1
DA:68,6
DA:69,37
DA:71,17
DA:72,17
DA:75,0
DA:78,20
DA:79,20
DA:80,20
DA:81,20
DA:84,0
DA:85,0
DA:86,0
DA:87,0
DA:88,0
DA:89,0
DA:92,0
DA:93,0
DA:94,0
DA:95,0
DA:96,0
DA:101,6
DA:102,73
DA:104,26
DA:105,27
DA:108,8
DA:111,2
DA:114,38
DA:115,38
DA:116,38
DA:117,38
DA:120,5
DA:121,5
DA:122,5
DA:123,4
DA:124,4
DA:125,4
DA:130,6
DA:131,3
DA:133,0
DA:134,0
DA:137,0
DA:138,0
DA:141,2
DA:142,2
DA:143,2
DA:144,2
DA:147,1
DA:148,1
DA:149,1
DA:150,1
DA:151,1
DA:152,1
DA:157,6
DA:158,0
DA:160,0
DA:163,0
DA:164,0
DA:165,0
DA:166,0
DA:169,0
DA:170,0
DA:171,0
DA:172,0
DA:173,0
DA:174,0
DA:177,0
DA:178,0
DA:179,0
DA:180,0
DA:181,0
DA:186,6
DA:188,6
DA:190,6
DA:193,0
DA:194,0
DA:195,0
DA:196,0
DA:201,6
DA:203,6
DA:205,6
DA:206,6
DA:209,0
DA:210,0
DA:211,0
DA:212,0
DA:217,6
DA:218,6
DA:220,6
DA:226,0
DA:227,0
DA:232,0
DA:233,0
DA:234,0
DA:235,0
DA:240,6
DA:242,11
DA:244,3
DA:245,3
DA:248,5
DA:249,5
DA:250,5
DA:251,5
DA:254,1
DA:255,1
DA:256,1
DA:257,1
DA:258,1
DA:259,1
DA:264,6
DA:266,7
DA:268,3
DA:269,3
DA:272,4
DA:273,4
DA:274,4
DA:275,4
DA:278,0
DA:279,0
DA:280,0
DA:281,0
DA:282,0
DA:283,0
DA:288,6
DA:290,7
DA:292,2
DA:293,2
DA:296,3
DA:297,3
DA:298,3
DA:299,3
DA:302,1
DA:303,1
DA:304,1
DA:305,1
DA:306,1
DA:307,1
DA:312,6
DA:314,4
DA:316,1
DA:319,0
DA:322,3
DA:323,3
DA:324,3
DA:325,3
DA:328,0
DA:329,0
DA:330,0
DA:331,0
DA:332,0
DA:333,0
DA:338,6
DA:340,27
DA:342,21
DA:343,21
DA:344,21
DA:345,21
DA:350,6
DA:352,0
DA:355,0
DA:356,0
DA:357,0
DA:358,0
DA:362,6
DA:391,6
DA:393,13
DA:395,5
DA:396,5
DA:399,7
DA:400,7
DA:401,7
DA:402,7
DA:405,0
DA:406,0
DA:407,0
DA:408,0
DA:409,0
DA:410,0
DA:415,6
DA:417,13
DA:419,6
DA:420,6
DA:423,4
DA:424,4
DA:425,4
DA:426,4
DA:429,3
DA:430,3
DA:431,3
DA:432,3
DA:433,3
DA:434,3
DA:439,6
DA:440,0
DA:441,0
LF:221
LH:147
BRDA:25,0,0,0
BRDA:25,0,1,279
BRDA:27,1,0,155
BRDA:27,1,1,124
BRDA:36,2,0,0
BRDA:36,2,1,151
BRDA:45,3,0,27
BRDA:45,3,1,5
BRDA:49,4,0,3
BRDA:49,4,1,1
BRDA:60,5,0,0
BRDA:60,5,1,1
BRDA:72,6,0,17
BRDA:72,6,1,2
BRDA:86,7,0,0
BRDA:86,7,1,0
BRDA:94,8,0,0
BRDA:94,8,1,0
BRDA:105,9,0,26
BRDA:105,9,1,0
BRDA:122,10,0,1
BRDA:122,10,1,4
BRDA:134,11,0,0
BRDA:134,11,1,0
BRDA:138,12,0,0
BRDA:138,12,1,0
BRDA:149,13,0,0
BRDA:149,13,1,1
BRDA:171,14,0,0
BRDA:171,14,1,0
BRDA:179,15,0,0
BRDA:179,15,1,0
BRDA:206,16,0,6
BRDA:206,16,1,6
BRDA:227,17,0,0
BRDA:227,17,1,0
BRDA:227,18,0,0
BRDA:227,18,1,0
BRDA:245,19,0,3
BRDA:245,19,1,0
BRDA:256,20,0,0
BRDA:256,20,1,1
BRDA:269,21,0,3
BRDA:269,21,1,1
BRDA:280,22,0,0
BRDA:280,22,1,0
BRDA:293,23,0,2
BRDA:293,23,1,0
BRDA:304,24,0,0
BRDA:304,24,1,1
BRDA:330,25,0,0
BRDA:330,25,1,0
BRDA:396,26,0,5
BRDA:396,26,1,1
BRDA:407,27,0,0
BRDA:407,27,1,0
BRDA:420,28,0,6
BRDA:420,28,1,1
BRDA:431,29,0,0
BRDA:431,29,1,3
BRDA:440,30,0,0
BRDA:440,30,1,0
BRF:62
BRH:28
end_of_record
TN:
SF:lib\eligibility.ts
FN:13,checkEligibility
FN:18,(anonymous_1)
FN:36,buildReason
FN:50,validateCompleteness
FN:54,(anonymous_4)
FN:56,(anonymous_5)
FN:57,(anonymous_6)
FNF:7
FNH:7
FNDA:10,checkEligibility
FNDA:20,(anonymous_1)
FNDA:5,buildReason
FNDA:4,validateCompleteness
FNDA:5,(anonymous_4)
FNDA:12,(anonymous_5)
FNDA:3,(anonymous_6)
DA:13,2
DA:17,10
DA:18,20
DA:19,14
DA:21,11
DA:22,11
DA:24,11
DA:25,5
DA:33,5
DA:37,5
DA:38,5
DA:39,4
DA:41,1
DA:42,1
DA:44,0
DA:50,2
DA:54,5
DA:55,4
DA:56,12
DA:57,3
DA:59,4
LF:21
LH:20
BRDA:19,0,0,3
BRDA:19,0,1,11
BRDA:24,1,0,5
BRDA:24,1,1,6
BRDA:38,2,0,4
BRDA:38,2,1,1
BRDA:38,3,0,5
BRDA:38,3,1,1
BRDA:41,4,0,1
BRDA:41,4,1,0
BRDA:41,5,0,1
BRDA:41,5,1,0
BRDA:56,6,0,12
BRDA:56,6,1,8
BRF:14
BRH:12
end_of_record
TN:
SF:services\lifefile.ts
FN:21,(anonymous_9)
FN:24,(anonymous_10)
FN:92,(anonymous_11)
FN:112,(anonymous_12)
FN:151,(anonymous_13)
FN:193,(anonymous_14)
FN:197,(anonymous_15)
FNF:7
FNH:6
FNDA:7,(anonymous_9)
FNDA:6,(anonymous_10)
FNDA:5,(anonymous_11)
FNDA:0,(anonymous_12)
FNDA:1,(anonymous_13)
FNDA:2,(anonymous_14)
FNDA:1,(anonymous_15)
DA:11,1
DA:12,1
DA:14,1
DA:15,1
DA:16,1
DA:17,1
DA:18,1
DA:19,1
DA:21,1
DA:22,7
DA:23,7
DA:24,7
DA:26,7
DA:27,2
DA:31,5
DA:69,5
DA:79,5
DA:82,5
DA:92,5
DA:109,5
DA:112,1
DA:116,0
DA:118,0
DA:119,0
DA:123,0
DA:128,0
DA:131,0
DA:148,0
DA:151,1
DA:155,1
DA:157,1
DA:158,0
DA:162,1
DA:169,1
DA:172,1
DA:190,1
DA:193,1
DA:196,2
DA:197,2
DA:199,2
DA:200,1
DA:206,1
LF:42
LH:34
BRDA:26,0,0,2
BRDA:26,0,1,5
BRDA:26,1,0,7
BRDA:26,1,1,6
BRDA:26,1,2,5
BRDA:118,2,0,0
BRDA:118,2,1,0
BRDA:157,3,0,0
BRDA:157,3,1,1
BRDA:199,4,0,1
BRDA:199,4,1,1
BRF:11
BRH:8
end_of_record
TN:
SF:services\practiceq.ts
FN:16,(anonymous_9)
FN:43,(anonymous_10)
FN:73,(anonymous_11)
FN:91,(anonymous_12)
FN:102,(anonymous_13)
FNF:5
FNH:3
FNDA:6,(anonymous_9)
FNDA:4,(anonymous_10)
FNDA:2,(anonymous_11)
FNDA:0,(anonymous_12)
FNDA:0,(anonymous_13)
DA:10,1
DA:11,1
DA:13,1
DA:14,1
DA:16,1
DA:18,6
DA:19,6
DA:20,6
DA:21,6
DA:22,6
DA:24,6
DA:25,2
DA:29,4
DA:43,4
DA:49,4
DA:52,4
DA:70,4
DA:73,1
DA:76,2
DA:78,2
DA:79,1
DA:89,1
DA:91,1
DA:92,0
DA:96,1
DA:102,1
DA:103,0
DA:104,0
DA:105,0
LF:29
LH:25
BRDA:24,0,0,2
BRDA:24,0,1,4
BRDA:24,1,0,6
BRDA:24,1,1,5
BRDA:39,2,0,4
BRDA:39,2,1,4
BRDA:43,3,0,4
BRDA:43,3,1,0
BRDA:78,4,0,1
BRDA:78,4,1,1
BRDA:89,5,0,1
BRDA:89,5,1,0
BRDA:98,6,0,1
BRDA:98,6,1,0
BRDA:104,7,0,0
BRDA:104,7,1,0
BRF:16
BRH:11
end_of_record
TN:
SF:services\quickbooks.ts
FN:16,(anonymous_9)
FN:42,(anonymous_10)
FN:48,(anonymous_11)
FN:105,(anonymous_12)
FN:108,(anonymous_13)
FN:140,(anonymous_14)
FN:151,(anonymous_15)
FN:152,(anonymous_16)
FN:154,(anonymous_17)
FN:155,(anonymous_18)
FNF:10
FNH:5
FNDA:2,(anonymous_9)
FNDA:4,(anonymous_10)
FNDA:4,(anonymous_11)
FNDA:1,(anonymous_12)
FNDA:1,(anonymous_13)
FNDA:0,(anonymous_14)
FNDA:0,(anonymous_15)
FNDA:0,(anonymous_16)
FNDA:0,(anonymous_17)
FNDA:0,(anonymous_18)
DA:10,1
DA:11,1
DA:13,1
DA:14,1
DA:16,1
DA:18,2
DA:21,2
DA:39,2
DA:42,1
DA:46,4
DA:47,4
DA:48,4
DA:50,4
DA:51,1
DA:55,3
DA:56,3
DA:59,3
DA:72,3
DA:75,3
DA:102,3
DA:105,1
DA:107,1
DA:108,1
DA:110,1
DA:111,0
DA:115,1
DA:121,1
DA:140,1
DA:147,0
DA:148,0
DA:150,0
DA:151,0
DA:152,0
DA:154,0
DA:155,0
DA:157,0
LF:36
LH:27
BRDA:50,0,0,1
BRDA:50,0,1,3
BRDA:50,1,0,4
BRDA:50,1,1,3
BRDA:50,1,2,3
BRDA:110,2,0,0
BRDA:110,2,1,1
BRDA:162,3,0,0
BRDA:162,3,1,0
BRF:9
BRH:6
end_of_record
TN:
SF:services\spruce.ts
FN:16,(anonymous_9)
FN:30,(anonymous_10)
FN:72,(anonymous_11)
FN:87,(anonymous_12)
FN:129,(anonymous_13)
FN:136,(anonymous_14)
FN:154,(anonymous_15)
FN:156,(anonymous_16)
FN:159,(anonymous_17)
FN:165,(anonymous_18)
FN:186,(anonymous_19)
FN:190,(anonymous_20)
FNF:12
FNH:5
FNDA:4,(anonymous_9)
FNDA:2,(anonymous_10)
FNDA:1,(anonymous_11)
FNDA:1,(anonymous_12)
FNDA:0,(anonymous_13)
FNDA:0,(anonymous_14)
FNDA:0,(anonymous_15)
FNDA:0,(anonymous_16)
FNDA:0,(anonymous_17)
FNDA:0,(anonymous_18)
FNDA:1,(anonymous_19)
FNDA:0,(anonymous_20)
DA:10,1
DA:11,1
DA:13,1
DA:14,1
DA:16,1
DA:21,4
DA:22,4
DA:24,4
DA:25,2
DA:29,2
DA:30,2
DA:31,2
DA:35,2
DA:47,2
DA:50,2
DA:69,2
DA:72,1
DA:78,1
DA:79,1
DA:81,1
DA:82,0
DA:86,1
DA:87,1
DA:88,1
DA:92,1
DA:104,1
DA:107,1
DA:126,1
DA:129,1
DA:134,0
DA:136,0
DA:137,0
DA:138,0
DA:139,0
DA:140,0
DA:144,0
DA:146,0
DA:151,0
DA:154,1
DA:155,0
DA:156,0
DA:159,1
DA:162,0
DA:165,1
DA:169,0
DA:170,0
DA:171,0
DA:174,0
DA:178,0
DA:186,1
DA:187,1
DA:190,1
DA:194,0
DA:196,0
DA:198,0
DA:212,0
LF:56
LH:34
BRDA:19,0,0,2
BRDA:24,1,0,2
BRDA:24,1,1,2
BRDA:24,2,0,4
BRDA:24,2,1,3
BRDA:37,3,0,2
BRDA:37,3,1,0
BRDA:56,4,0,2
BRDA:56,4,1,0
BRDA:76,5,0,0
BRDA:81,6,0,0
BRDA:81,6,1,1
BRDA:81,7,0,1
BRDA:81,7,1,1
BRDA:94,8,0,1
BRDA:94,8,1,0
BRDA:113,9,0,1
BRDA:113,9,1,0
BRDA:138,10,0,0
BRDA:138,10,1,0
BRDA:156,11,0,0
BRDA:156,11,1,0
BRDA:167,12,0,0
BRDA:170,13,0,0
BRDA:170,13,1,0
BRDA:196,14,0,0
BRDA:196,14,1,0
BRF:27
BRH:12
end_of_record
